[debug] [2022-04-16T03:48:02.251Z] ----------------------------------------------------------------------
[debug] [2022-04-16T03:48:02.255Z] Command:       C:\Program Files\nodejs\node.exe C:\Users\omkar\AppData\Roaming\npm\node_modules\firebase-tools\lib\bin\firebase.js emulators:start
[debug] [2022-04-16T03:48:02.257Z] CLI Version:   10.6.0
[debug] [2022-04-16T03:48:02.257Z] Platform:      win32
[debug] [2022-04-16T03:48:02.257Z] Node Version:  v16.13.2
[debug] [2022-04-16T03:48:02.260Z] Time:          Sat Apr 16 2022 09:18:02 GMT+0530 (India Standard Time)
[debug] [2022-04-16T03:48:02.261Z] ----------------------------------------------------------------------
[debug] 
[debug] [2022-04-16T03:48:02.425Z] > command requires scopes: ["email","openid","https://www.googleapis.com/auth/cloudplatformprojects.readonly","https://www.googleapis.com/auth/firebase","https://www.googleapis.com/auth/cloud-platform"]
[debug] [2022-04-16T03:48:02.426Z] > authorizing via signed-in user (omkartalekar1112@gmail.com)
[info] i  emulators: Starting emulators: functions, hosting {"metadata":{"emulator":{"name":"hub"},"message":"Starting emulators: functions, hosting"}}
[debug] [2022-04-16T03:48:02.501Z] [hub] writing locator at C:\Users\omkar\AppData\Local\Temp\hub-clone-e610c.json
[warn] !  functions: The following emulators are not running, calls to these services from the Functions emulator will affect production: auth, firestore, database, pubsub, storage {"metadata":{"emulator":{"name":"functions"},"message":"The following emulators are not running, calls to these services from the Functions emulator will affect production: \u001b[1mauth, firestore, database, pubsub, storage\u001b[22m"}}
[info] +  functions: Using node@16 from host. {"metadata":{"emulator":{"name":"functions"},"message":"Using node@16 from host."}}
[debug] [2022-04-16T03:48:02.797Z] defaultcredentials: writing to file C:\Users\omkar\AppData\Roaming\firebase\omkartalekar1112_gmail_com_application_default_credentials.json
[debug] [2022-04-16T03:48:02.800Z] Setting GAC to C:\Users\omkar\AppData\Roaming\firebase\omkartalekar1112_gmail_com_application_default_credentials.json {"metadata":{"emulator":{"name":"functions"},"message":"Setting GAC to C:\\Users\\omkar\\AppData\\Roaming\\firebase\\omkartalekar1112_gmail_com_application_default_credentials.json"}}
[debug] [2022-04-16T03:48:02.807Z] >>> [apiv2][query] GET https://firebase.googleapis.com/v1beta1/projects/clone-e610c/adminSdkConfig [none]
[debug] [2022-04-16T03:48:03.520Z] <<< [apiv2][status] GET https://firebase.googleapis.com/v1beta1/projects/clone-e610c/adminSdkConfig 200
[debug] [2022-04-16T03:48:03.521Z] <<< [apiv2][body] GET https://firebase.googleapis.com/v1beta1/projects/clone-e610c/adminSdkConfig {"projectId":"clone-e610c","databaseURL":"https://clone-e610c-default-rtdb.firebaseio.com","storageBucket":"clone-e610c.appspot.com","locationId":"us-central"}
[debug] [2022-04-16T03:48:03.546Z] >>> [apiv2][query] GET https://firebasehosting.googleapis.com/v1beta1/projects/clone-e610c/sites 
[debug] [2022-04-16T03:48:05.344Z] <<< [apiv2][status] GET https://firebasehosting.googleapis.com/v1beta1/projects/clone-e610c/sites 200
[debug] [2022-04-16T03:48:05.344Z] <<< [apiv2][body] GET https://firebasehosting.googleapis.com/v1beta1/projects/clone-e610c/sites {"sites":[{"name":"projects/565270182005/sites/clone-e610c","defaultUrl":"https://clone-e610c.web.app","type":"DEFAULT_SITE"}]}
[debug] [2022-04-16T03:48:05.345Z] >>> [apiv2][query] GET https://firebase.googleapis.com/v1beta1/projects/clone-e610c/webApps/-/config [none]
[debug] [2022-04-16T03:48:06.507Z] <<< [apiv2][status] GET https://firebase.googleapis.com/v1beta1/projects/clone-e610c/webApps/-/config 200
[debug] [2022-04-16T03:48:06.507Z] <<< [apiv2][body] GET https://firebase.googleapis.com/v1beta1/projects/clone-e610c/webApps/-/config {"projectId":"clone-e610c","appId":"1:565270182005:web:c8352a056311d18a6e603c","databaseURL":"https://clone-e610c-default-rtdb.firebaseio.com","storageBucket":"clone-e610c.appspot.com","locationId":"us-central","apiKey":"AIzaSyD-fYTng8QgcyV1FyufnFmN6jy7eGcJqnw","authDomain":"clone-e610c.firebaseapp.com","messagingSenderId":"565270182005","measurementId":"G-84HTPM6QKL"}
[info] i  hosting: Serving hosting files from: build {"metadata":{"emulator":{"name":"hosting"},"message":"Serving hosting files from: \u001b[1mbuild\u001b[22m"}}
[info] +  hosting: Local server: http://localhost:5000 {"metadata":{"emulator":{"name":"hosting"},"message":"Local server: \u001b[4m\u001b[1mhttp://localhost:5000\u001b[22m\u001b[24m"}}
[warn] !  ui: Emulator UI unable to start on port 4000, starting on 4001 instead. {"metadata":{"emulator":{"name":"ui"},"message":"Emulator UI unable to start on port 4000, starting on 4001 instead."}}
[debug] [2022-04-16T03:48:06.616Z] Ignoring unsupported arg: auto_download {"metadata":{"emulator":{"name":"ui"},"message":"Ignoring unsupported arg: auto_download"}}
[debug] [2022-04-16T03:48:06.617Z] Ignoring unsupported arg: port {"metadata":{"emulator":{"name":"ui"},"message":"Ignoring unsupported arg: port"}}
[debug] [2022-04-16T03:48:06.618Z] Starting Emulator UI with command {"binary":"node","args":["C:\\Users\\omkar\\.cache\\firebase\\emulators\\ui-v1.6.5\\server.bundle.js"],"optionalArgs":[],"joinArgs":false} {"metadata":{"emulator":{"name":"ui"},"message":"Starting Emulator UI with command {\"binary\":\"node\",\"args\":[\"C:\\\\Users\\\\omkar\\\\.cache\\\\firebase\\\\emulators\\\\ui-v1.6.5\\\\server.bundle.js\"],\"optionalArgs\":[],\"joinArgs\":false}"}}
[info] i  ui: Emulator UI logging to ui-debug.log {"metadata":{"emulator":{"name":"ui"},"message":"Emulator UI logging to \u001b[1mui-debug.log\u001b[22m"}}
[debug] [2022-04-16T03:48:06.911Z] Web / API server started at localhost:4001
 {"metadata":{"emulator":{"name":"ui"},"message":"Web / API server started at localhost:4001\n"}}
[info] i  functions: Watching "C:\Users\omkar\Downloads\react-challenge-amazon-clone-master\react-challenge-amazon-clone-master\functions" for Cloud Functions... {"metadata":{"emulator":{"name":"functions"},"message":"Watching \"C:\\Users\\omkar\\Downloads\\react-challenge-amazon-clone-master\\react-challenge-amazon-clone-master\\functions\" for Cloud Functions..."}}
[debug] [2022-04-16T03:48:07.164Z] Validating nodejs source
[warn] !  functions: package.json indicates an outdated version of firebase-functions. Please upgrade using npm install --save firebase-functions@latest in your functions directory. 
[debug] [2022-04-16T03:48:14.060Z] > [functions] package.json contents: {
  "name": "functions",
  "description": "Cloud Functions for Firebase",
  "scripts": {
    "lint": "eslint .",
    "serve": "firebase emulators:start --only functions",
    "shell": "firebase functions:shell",
    "start": "npm run shell",
    "deploy": "firebase deploy --only functions",
    "logs": "firebase functions:log"
  },
  "engines": {
    "node": "16"
  },
  "main": "index.js",
  "dependencies": {
    "firebase-admin": "^10.0.2",
    "firebase-functions": "^3.18.0",
    "stripe": "^8.217.0"
  },
  "devDependencies": {
    "eslint": "^8.9.0",
    "eslint-config-google": "^0.14.0",
    "firebase-functions-test": "^0.2.0"
  },
  "private": true
}
[debug] [2022-04-16T03:48:14.061Z] Building nodejs source
[debug] [2022-04-16T03:48:14.062Z] Analyzing nodejs backend spec
[info] +  functions[us-central1-api]: http function initialized (http://localhost:5001/clone-e610c/us-central1/api). {"metadata":{"emulator":{"name":"functions"},"message":"\u001b[1mhttp\u001b[22m function initialized (http://localhost:5001/clone-e610c/us-central1/api)."}}
[info] 
┌─────────────────────────────────────────────────────────────┐
│ ✔  All emulators ready! It is now safe to connect your app. │
│ i  View Emulator UI at http://localhost:4001                │
└─────────────────────────────────────────────────────────────┘

┌───────────┬────────────────┬─────────────────────────────────┐
│ Emulator  │ Host:Port      │ View in Emulator UI             │
├───────────┼────────────────┼─────────────────────────────────┤
│ Functions │ localhost:5001 │ http://localhost:4001/functions │
├───────────┼────────────────┼─────────────────────────────────┤
│ Hosting   │ localhost:5000 │ n/a                             │
└───────────┴────────────────┴─────────────────────────────────┘
  Emulator Hub running at localhost:4400
  Other reserved ports: 4500

Issues? Report them at https://github.com/firebase/firebase-tools/issues and attach the *-debug.log files.
 
[debug] [2022-04-16T03:48:35.576Z] [work-queue] {"queueLength":1,"workRunningCount":0}
[debug] [2022-04-16T03:48:35.576Z] [work-queue] {"queueLength":0,"workRunningCount":1}
[debug] [2022-04-16T03:48:35.577Z] Accepted request POST /clone-e610c/us-central1/api/payments/create?total=43586 --> us-central1-api
[debug] [2022-04-16T03:48:35.593Z] [worker-pool] addWorker(us-central1-api) {"metadata":{"emulator":{"name":"functions"},"message":"[worker-pool] addWorker(us-central1-api)"}}
[debug] [2022-04-16T03:48:35.593Z] [worker-pool] Adding worker with key us-central1-api, total=1 {"metadata":{"emulator":{"name":"functions"},"message":"[worker-pool] Adding worker with key us-central1-api, total=1"}}
[debug] [2022-04-16T03:48:35.594Z] [worker-pool] submitWork(triggerId=us-central1-api) {"metadata":{"emulator":{"name":"functions"},"message":"[worker-pool] submitWork(triggerId=us-central1-api)"}}
[debug] [2022-04-16T03:48:35.594Z] [worker-us-central1-api-9053c4c6-8fb4-4e3d-b9b0-a2822df141bf]: Assigning socketPath: \\?\pipe\C:\Users\omkar\Downloads\react-challenge-amazon-clone-master\react-challenge-amazon-clone-master\functions\11688 {"metadata":{"emulator":{"name":"functions"},"message":"[worker-us-central1-api-9053c4c6-8fb4-4e3d-b9b0-a2822df141bf]: Assigning socketPath: \\\\?\\pipe\\C:\\Users\\omkar\\Downloads\\react-challenge-amazon-clone-master\\react-challenge-amazon-clone-master\\functions\\11688"}}
[debug] [2022-04-16T03:48:35.595Z] [worker-us-central1-api-9053c4c6-8fb4-4e3d-b9b0-a2822df141bf]: BUSY {"metadata":{"emulator":{"name":"functions"},"message":"[worker-us-central1-api-9053c4c6-8fb4-4e3d-b9b0-a2822df141bf]: BUSY"}}
[debug] [2022-04-16T03:48:40.191Z] [runtime-status] [11688] Functions runtime initialized. {"cwd":"C:\\Users\\omkar\\Downloads\\react-challenge-amazon-clone-master\\react-challenge-amazon-clone-master\\functions","node_version":"16.13.2"} {"metadata":{"emulator":{"name":"functions"},"function":{"name":"us-central1-api"},"extension":{},"message":"[runtime-status] [11688] Functions runtime initialized. {\"cwd\":\"C:\\\\Users\\\\omkar\\\\Downloads\\\\react-challenge-amazon-clone-master\\\\react-challenge-amazon-clone-master\\\\functions\",\"node_version\":\"16.13.2\"}"}}
[debug] [2022-04-16T03:48:40.194Z] [runtime-status] [11688] Disabled runtime features: undefined {"metadata":{"emulator":{"name":"functions"},"function":{"name":"us-central1-api"},"extension":{},"message":"[runtime-status] [11688] Disabled runtime features: undefined"}}
[debug] [2022-04-16T03:48:40.202Z] [runtime-status] [11688] Resolved module firebase-admin {"declared":true,"installed":true,"version":"10.0.2","resolution":"C:\\Users\\omkar\\Downloads\\react-challenge-amazon-clone-master\\react-challenge-amazon-clone-master\\functions\\node_modules\\firebase-admin\\lib\\index.js"} {"metadata":{"emulator":{"name":"functions"},"function":{"name":"us-central1-api"},"extension":{},"message":"[runtime-status] [11688] Resolved module firebase-admin {\"declared\":true,\"installed\":true,\"version\":\"10.0.2\",\"resolution\":\"C:\\\\Users\\\\omkar\\\\Downloads\\\\react-challenge-amazon-clone-master\\\\react-challenge-amazon-clone-master\\\\functions\\\\node_modules\\\\firebase-admin\\\\lib\\\\index.js\"}"}}
[debug] [2022-04-16T03:48:40.207Z] [runtime-status] [11688] Resolved module firebase-functions {"declared":true,"installed":true,"version":"3.20.0","resolution":"C:\\Users\\omkar\\Downloads\\react-challenge-amazon-clone-master\\react-challenge-amazon-clone-master\\functions\\node_modules\\firebase-functions\\lib\\index.js"} {"metadata":{"emulator":{"name":"functions"},"function":{"name":"us-central1-api"},"extension":{},"message":"[runtime-status] [11688] Resolved module firebase-functions {\"declared\":true,\"installed\":true,\"version\":\"3.20.0\",\"resolution\":\"C:\\\\Users\\\\omkar\\\\Downloads\\\\react-challenge-amazon-clone-master\\\\react-challenge-amazon-clone-master\\\\functions\\\\node_modules\\\\firebase-functions\\\\lib\\\\index.js\"}"}}
[debug] [2022-04-16T03:48:40.209Z] [runtime-status] [11688] Outgoing network have been stubbed. [{"name":"http","status":"mocked"},{"name":"http","status":"mocked"},{"name":"https","status":"mocked"},{"name":"https","status":"mocked"},{"name":"net","status":"mocked"}] {"metadata":{"emulator":{"name":"functions"},"function":{"name":"us-central1-api"},"extension":{},"message":"[runtime-status] [11688] Outgoing network have been stubbed. [{\"name\":\"http\",\"status\":\"mocked\"},{\"name\":\"http\",\"status\":\"mocked\"},{\"name\":\"https\",\"status\":\"mocked\"},{\"name\":\"https\",\"status\":\"mocked\"},{\"name\":\"net\",\"status\":\"mocked\"}]"}}
[debug] [2022-04-16T03:48:40.211Z] [runtime-status] [11688] Resolved module firebase-functions {"declared":true,"installed":true,"version":"3.20.0","resolution":"C:\\Users\\omkar\\Downloads\\react-challenge-amazon-clone-master\\react-challenge-amazon-clone-master\\functions\\node_modules\\firebase-functions\\lib\\index.js"} {"metadata":{"emulator":{"name":"functions"},"function":{"name":"us-central1-api"},"extension":{},"message":"[runtime-status] [11688] Resolved module firebase-functions {\"declared\":true,\"installed\":true,\"version\":\"3.20.0\",\"resolution\":\"C:\\\\Users\\\\omkar\\\\Downloads\\\\react-challenge-amazon-clone-master\\\\react-challenge-amazon-clone-master\\\\functions\\\\node_modules\\\\firebase-functions\\\\lib\\\\index.js\"}"}}
[debug] [2022-04-16T03:48:40.497Z] [runtime-status] [11688] Checked functions.config() {"config":{}} {"metadata":{"emulator":{"name":"functions"},"function":{"name":"us-central1-api"},"extension":{},"message":"[runtime-status] [11688] Checked functions.config() {\"config\":{}}"}}
[debug] [2022-04-16T03:48:40.497Z] [runtime-status] [11688] firebase-functions has been stubbed. {"functionsResolution":{"declared":true,"installed":true,"version":"3.20.0","resolution":"C:\\Users\\omkar\\Downloads\\react-challenge-amazon-clone-master\\react-challenge-amazon-clone-master\\functions\\node_modules\\firebase-functions\\lib\\index.js"}} {"metadata":{"emulator":{"name":"functions"},"function":{"name":"us-central1-api"},"extension":{},"message":"[runtime-status] [11688] firebase-functions has been stubbed. {\"functionsResolution\":{\"declared\":true,\"installed\":true,\"version\":\"3.20.0\",\"resolution\":\"C:\\\\Users\\\\omkar\\\\Downloads\\\\react-challenge-amazon-clone-master\\\\react-challenge-amazon-clone-master\\\\functions\\\\node_modules\\\\firebase-functions\\\\lib\\\\index.js\"}}"}}
[debug] [2022-04-16T03:48:40.500Z] [runtime-status] [11688] Resolved module firebase-functions {"declared":true,"installed":true,"version":"3.20.0","resolution":"C:\\Users\\omkar\\Downloads\\react-challenge-amazon-clone-master\\react-challenge-amazon-clone-master\\functions\\node_modules\\firebase-functions\\lib\\index.js"} {"metadata":{"emulator":{"name":"functions"},"function":{"name":"us-central1-api"},"extension":{},"message":"[runtime-status] [11688] Resolved module firebase-functions {\"declared\":true,\"installed\":true,\"version\":\"3.20.0\",\"resolution\":\"C:\\\\Users\\\\omkar\\\\Downloads\\\\react-challenge-amazon-clone-master\\\\react-challenge-amazon-clone-master\\\\functions\\\\node_modules\\\\firebase-functions\\\\lib\\\\index.js\"}"}}
[debug] [2022-04-16T03:48:40.505Z] [runtime-status] [11688] Resolved module firebase-admin {"declared":true,"installed":true,"version":"10.0.2","resolution":"C:\\Users\\omkar\\Downloads\\react-challenge-amazon-clone-master\\react-challenge-amazon-clone-master\\functions\\node_modules\\firebase-admin\\lib\\index.js"} {"metadata":{"emulator":{"name":"functions"},"function":{"name":"us-central1-api"},"extension":{},"message":"[runtime-status] [11688] Resolved module firebase-admin {\"declared\":true,\"installed\":true,\"version\":\"10.0.2\",\"resolution\":\"C:\\\\Users\\\\omkar\\\\Downloads\\\\react-challenge-amazon-clone-master\\\\react-challenge-amazon-clone-master\\\\functions\\\\node_modules\\\\firebase-admin\\\\lib\\\\index.js\"}"}}
[debug] [2022-04-16T03:48:40.507Z] [runtime-status] [11688] Resolved module firebase-functions {"declared":true,"installed":true,"version":"3.20.0","resolution":"C:\\Users\\omkar\\Downloads\\react-challenge-amazon-clone-master\\react-challenge-amazon-clone-master\\functions\\node_modules\\firebase-functions\\lib\\index.js"} {"metadata":{"emulator":{"name":"functions"},"function":{"name":"us-central1-api"},"extension":{},"message":"[runtime-status] [11688] Resolved module firebase-functions {\"declared\":true,\"installed\":true,\"version\":\"3.20.0\",\"resolution\":\"C:\\\\Users\\\\omkar\\\\Downloads\\\\react-challenge-amazon-clone-master\\\\react-challenge-amazon-clone-master\\\\functions\\\\node_modules\\\\firebase-functions\\\\lib\\\\index.js\"}"}}
[debug] [2022-04-16T03:48:40.508Z] [runtime-status] [11688] firebase-admin has been stubbed. {"adminResolution":{"declared":true,"installed":true,"version":"10.0.2","resolution":"C:\\Users\\omkar\\Downloads\\react-challenge-amazon-clone-master\\react-challenge-amazon-clone-master\\functions\\node_modules\\firebase-admin\\lib\\index.js"}} {"metadata":{"emulator":{"name":"functions"},"function":{"name":"us-central1-api"},"extension":{},"message":"[runtime-status] [11688] firebase-admin has been stubbed. {\"adminResolution\":{\"declared\":true,\"installed\":true,\"version\":\"10.0.2\",\"resolution\":\"C:\\\\Users\\\\omkar\\\\Downloads\\\\react-challenge-amazon-clone-master\\\\react-challenge-amazon-clone-master\\\\functions\\\\node_modules\\\\firebase-admin\\\\lib\\\\index.js\"}}"}}
[debug] [2022-04-16T03:48:41.130Z] [runtime-status] [11688] Beginning invocation function api! {"metadata":{"emulator":{"name":"functions"},"function":{"name":"us-central1-api"},"extension":{},"message":"[runtime-status] [11688] Beginning invocation function api!"}}
[info] i  functions: Beginning execution of "api" {"metadata":{"emulator":{"name":"functions"},"function":{"name":"us-central1-api"},"extension":{},"message":"Beginning execution of \"api\""}}
[debug] [2022-04-16T03:48:41.132Z] [runtime-status] [11688] Running api in signature http {"metadata":{"emulator":{"name":"functions"},"function":{"name":"us-central1-api"},"extension":{},"message":"[runtime-status] [11688] Running api in signature http"}}
[debug] [2022-04-16T03:48:41.140Z] [runtime-status] [11688] Attempting to listen to socketPath: \\?\pipe\C:\Users\omkar\Downloads\react-challenge-amazon-clone-master\react-challenge-amazon-clone-master\functions\11688 {"metadata":{"emulator":{"name":"functions"},"function":{"name":"us-central1-api"},"extension":{},"message":"[runtime-status] [11688] Attempting to listen to socketPath: \\\\?\\pipe\\C:\\Users\\omkar\\Downloads\\react-challenge-amazon-clone-master\\react-challenge-amazon-clone-master\\functions\\11688"}}
[debug] [2022-04-16T03:48:41.153Z] [functions] Runtime ready! Sending request! {"metadata":{"emulator":{"name":"functions"},"message":"[functions] Runtime ready! Sending request!"}}
[debug] [2022-04-16T03:48:41.155Z] [functions] Got req.url=/clone-e610c/us-central1/api/payments/create?total=43586, mapping to path=/payments/create?total=43586 {"metadata":{"emulator":{"name":"functions"},"message":"[functions] Got req.url=/clone-e610c/us-central1/api/payments/create?total=43586, mapping to path=/payments/create?total=43586"}}
[debug] [2022-04-16T03:48:41.169Z] [runtime-status] [11688] Ephemeral server handling POST request {"metadata":{"emulator":{"name":"functions"},"function":{"name":"us-central1-api"},"extension":{},"message":"[runtime-status] [11688] Ephemeral server handling POST request"}}
[info] >  Payment Request Recieved BOOM!!! for this amount >>>  43586 {"user":"Payment Request Recieved BOOM!!! for this amount >>>  43586","metadata":{"emulator":{"name":"functions"},"function":{"name":"us-central1-api"},"extension":{},"message":"\u001b[90m> \u001b[39m Payment Request Recieved BOOM!!! for this amount >>>  43586"}}
[debug] [2022-04-16T03:48:41.207Z] [runtime-status] [11688] Ephemeral server survived. {"metadata":{"emulator":{"name":"functions"},"function":{"name":"us-central1-api"},"extension":{},"message":"[runtime-status] [11688] Ephemeral server survived."}}
[info] i  functions: Finished "api" in ~1s {"metadata":{"emulator":{"name":"functions"},"function":{"name":"us-central1-api"},"extension":{},"message":"Finished \"api\" in ~1s"}}
[debug] [2022-04-16T03:48:41.976Z] [worker-us-central1-api-9053c4c6-8fb4-4e3d-b9b0-a2822df141bf]: IDLE {"metadata":{"emulator":{"name":"functions"},"message":"[worker-us-central1-api-9053c4c6-8fb4-4e3d-b9b0-a2822df141bf]: IDLE"}}
[debug] [2022-04-16T03:48:41.977Z] [work-queue] {"queueLength":0,"workRunningCount":0}
[debug] [2022-04-16T03:50:57.428Z] File C:\Users\omkar\Downloads\react-challenge-amazon-clone-master\react-challenge-amazon-clone-master\functions\index.js changed, reloading triggers {"metadata":{"emulator":{"name":"functions"},"message":"File C:\\Users\\omkar\\Downloads\\react-challenge-amazon-clone-master\\react-challenge-amazon-clone-master\\functions\\index.js changed, reloading triggers"}}
[debug] [2022-04-16T03:50:58.431Z] [worker-pool] Shutting down IDLE worker (us-central1-api) {"metadata":{"emulator":{"name":"functions"},"message":"[worker-pool] Shutting down IDLE worker (us-central1-api)"}}
[debug] [2022-04-16T03:50:58.431Z] [worker-us-central1-api-9053c4c6-8fb4-4e3d-b9b0-a2822df141bf]: FINISHING {"metadata":{"emulator":{"name":"functions"},"message":"[worker-us-central1-api-9053c4c6-8fb4-4e3d-b9b0-a2822df141bf]: FINISHING"}}
[debug] [2022-04-16T03:50:58.435Z] Validating nodejs source
[warn] !  functions: package.json indicates an outdated version of firebase-functions. Please upgrade using npm install --save firebase-functions@latest in your functions directory. 
[debug] [2022-04-16T03:51:05.547Z] > [functions] package.json contents: {
  "name": "functions",
  "description": "Cloud Functions for Firebase",
  "scripts": {
    "lint": "eslint .",
    "serve": "firebase emulators:start --only functions",
    "shell": "firebase functions:shell",
    "start": "npm run shell",
    "deploy": "firebase deploy --only functions",
    "logs": "firebase functions:log"
  },
  "engines": {
    "node": "16"
  },
  "main": "index.js",
  "dependencies": {
    "firebase-admin": "^10.0.2",
    "firebase-functions": "^3.18.0",
    "stripe": "^8.217.0"
  },
  "devDependencies": {
    "eslint": "^8.9.0",
    "eslint-config-google": "^0.14.0",
    "firebase-functions-test": "^0.2.0"
  },
  "private": true
}
[debug] [2022-04-16T03:51:05.547Z] Building nodejs source
[debug] [2022-04-16T03:51:05.547Z] Analyzing nodejs backend spec
[debug] [2022-04-16T03:51:05.556Z] [worker-us-central1-api-9053c4c6-8fb4-4e3d-b9b0-a2822df141bf]: exited {"metadata":{"emulator":{"name":"functions"},"message":"[worker-us-central1-api-9053c4c6-8fb4-4e3d-b9b0-a2822df141bf]: exited"}}
[debug] [2022-04-16T03:51:05.557Z] [worker-us-central1-api-9053c4c6-8fb4-4e3d-b9b0-a2822df141bf]: FINISHED {"metadata":{"emulator":{"name":"functions"},"message":"[worker-us-central1-api-9053c4c6-8fb4-4e3d-b9b0-a2822df141bf]: FINISHED"}}
[debug] [2022-04-16T03:51:05.564Z] File C:\Users\omkar\Downloads\react-challenge-amazon-clone-master\react-challenge-amazon-clone-master\functions\index.js changed, reloading triggers {"metadata":{"emulator":{"name":"functions"},"message":"File C:\\Users\\omkar\\Downloads\\react-challenge-amazon-clone-master\\react-challenge-amazon-clone-master\\functions\\index.js changed, reloading triggers"}}
[debug] [2022-04-16T03:51:06.579Z] Validating nodejs source
[warn] !  functions: package.json indicates an outdated version of firebase-functions. Please upgrade using npm install --save firebase-functions@latest in your functions directory. 
[debug] [2022-04-16T03:51:13.892Z] > [functions] package.json contents: {
  "name": "functions",
  "description": "Cloud Functions for Firebase",
  "scripts": {
    "lint": "eslint .",
    "serve": "firebase emulators:start --only functions",
    "shell": "firebase functions:shell",
    "start": "npm run shell",
    "deploy": "firebase deploy --only functions",
    "logs": "firebase functions:log"
  },
  "engines": {
    "node": "16"
  },
  "main": "index.js",
  "dependencies": {
    "firebase-admin": "^10.0.2",
    "firebase-functions": "^3.18.0",
    "stripe": "^8.217.0"
  },
  "devDependencies": {
    "eslint": "^8.9.0",
    "eslint-config-google": "^0.14.0",
    "firebase-functions-test": "^0.2.0"
  },
  "private": true
}
[debug] [2022-04-16T03:51:13.893Z] Building nodejs source
[debug] [2022-04-16T03:51:13.893Z] Analyzing nodejs backend spec
[debug] [2022-04-16T03:51:13.907Z] [work-queue] {"queueLength":1,"workRunningCount":0}
[debug] [2022-04-16T03:51:13.907Z] [work-queue] {"queueLength":0,"workRunningCount":1}
[debug] [2022-04-16T03:51:13.908Z] Accepted request POST /clone-e610c/us-central1/api/payments/create?total=0 --> us-central1-api
[debug] [2022-04-16T03:51:13.908Z] [worker-pool] Cleaned up workers for us-central1-api: 1 --> 0 {"metadata":{"emulator":{"name":"functions"},"message":"[worker-pool] Cleaned up workers for us-central1-api: 1 --> 0"}}
[debug] [2022-04-16T03:51:13.921Z] [worker-pool] addWorker(us-central1-api) {"metadata":{"emulator":{"name":"functions"},"message":"[worker-pool] addWorker(us-central1-api)"}}
[debug] [2022-04-16T03:51:13.921Z] [worker-pool] Adding worker with key us-central1-api, total=1 {"metadata":{"emulator":{"name":"functions"},"message":"[worker-pool] Adding worker with key us-central1-api, total=1"}}
[debug] [2022-04-16T03:51:13.922Z] [worker-pool] submitWork(triggerId=us-central1-api) {"metadata":{"emulator":{"name":"functions"},"message":"[worker-pool] submitWork(triggerId=us-central1-api)"}}
[debug] [2022-04-16T03:51:13.922Z] [worker-us-central1-api-e7395d94-264d-47b8-b46d-eda99af1373a]: Assigning socketPath: \\?\pipe\C:\Users\omkar\Downloads\react-challenge-amazon-clone-master\react-challenge-amazon-clone-master\functions\10276 {"metadata":{"emulator":{"name":"functions"},"message":"[worker-us-central1-api-e7395d94-264d-47b8-b46d-eda99af1373a]: Assigning socketPath: \\\\?\\pipe\\C:\\Users\\omkar\\Downloads\\react-challenge-amazon-clone-master\\react-challenge-amazon-clone-master\\functions\\10276"}}
[debug] [2022-04-16T03:51:13.922Z] [worker-us-central1-api-e7395d94-264d-47b8-b46d-eda99af1373a]: BUSY {"metadata":{"emulator":{"name":"functions"},"message":"[worker-us-central1-api-e7395d94-264d-47b8-b46d-eda99af1373a]: BUSY"}}
[debug] [2022-04-16T03:51:18.433Z] [runtime-status] [10276] Functions runtime initialized. {"cwd":"C:\\Users\\omkar\\Downloads\\react-challenge-amazon-clone-master\\react-challenge-amazon-clone-master\\functions","node_version":"16.13.2"} {"metadata":{"emulator":{"name":"functions"},"function":{"name":"us-central1-api"},"extension":{},"message":"[runtime-status] [10276] Functions runtime initialized. {\"cwd\":\"C:\\\\Users\\\\omkar\\\\Downloads\\\\react-challenge-amazon-clone-master\\\\react-challenge-amazon-clone-master\\\\functions\",\"node_version\":\"16.13.2\"}"}}
[debug] [2022-04-16T03:51:18.437Z] [runtime-status] [10276] Disabled runtime features: undefined {"metadata":{"emulator":{"name":"functions"},"function":{"name":"us-central1-api"},"extension":{},"message":"[runtime-status] [10276] Disabled runtime features: undefined"}}
[debug] [2022-04-16T03:51:18.446Z] [runtime-status] [10276] Resolved module firebase-admin {"declared":true,"installed":true,"version":"10.0.2","resolution":"C:\\Users\\omkar\\Downloads\\react-challenge-amazon-clone-master\\react-challenge-amazon-clone-master\\functions\\node_modules\\firebase-admin\\lib\\index.js"} {"metadata":{"emulator":{"name":"functions"},"function":{"name":"us-central1-api"},"extension":{},"message":"[runtime-status] [10276] Resolved module firebase-admin {\"declared\":true,\"installed\":true,\"version\":\"10.0.2\",\"resolution\":\"C:\\\\Users\\\\omkar\\\\Downloads\\\\react-challenge-amazon-clone-master\\\\react-challenge-amazon-clone-master\\\\functions\\\\node_modules\\\\firebase-admin\\\\lib\\\\index.js\"}"}}
[debug] [2022-04-16T03:51:18.451Z] [runtime-status] [10276] Resolved module firebase-functions {"declared":true,"installed":true,"version":"3.20.0","resolution":"C:\\Users\\omkar\\Downloads\\react-challenge-amazon-clone-master\\react-challenge-amazon-clone-master\\functions\\node_modules\\firebase-functions\\lib\\index.js"} {"metadata":{"emulator":{"name":"functions"},"function":{"name":"us-central1-api"},"extension":{},"message":"[runtime-status] [10276] Resolved module firebase-functions {\"declared\":true,\"installed\":true,\"version\":\"3.20.0\",\"resolution\":\"C:\\\\Users\\\\omkar\\\\Downloads\\\\react-challenge-amazon-clone-master\\\\react-challenge-amazon-clone-master\\\\functions\\\\node_modules\\\\firebase-functions\\\\lib\\\\index.js\"}"}}
[debug] [2022-04-16T03:51:18.453Z] [runtime-status] [10276] Outgoing network have been stubbed. [{"name":"http","status":"mocked"},{"name":"http","status":"mocked"},{"name":"https","status":"mocked"},{"name":"https","status":"mocked"},{"name":"net","status":"mocked"}] {"metadata":{"emulator":{"name":"functions"},"function":{"name":"us-central1-api"},"extension":{},"message":"[runtime-status] [10276] Outgoing network have been stubbed. [{\"name\":\"http\",\"status\":\"mocked\"},{\"name\":\"http\",\"status\":\"mocked\"},{\"name\":\"https\",\"status\":\"mocked\"},{\"name\":\"https\",\"status\":\"mocked\"},{\"name\":\"net\",\"status\":\"mocked\"}]"}}
[debug] [2022-04-16T03:51:18.455Z] [runtime-status] [10276] Resolved module firebase-functions {"declared":true,"installed":true,"version":"3.20.0","resolution":"C:\\Users\\omkar\\Downloads\\react-challenge-amazon-clone-master\\react-challenge-amazon-clone-master\\functions\\node_modules\\firebase-functions\\lib\\index.js"} {"metadata":{"emulator":{"name":"functions"},"function":{"name":"us-central1-api"},"extension":{},"message":"[runtime-status] [10276] Resolved module firebase-functions {\"declared\":true,\"installed\":true,\"version\":\"3.20.0\",\"resolution\":\"C:\\\\Users\\\\omkar\\\\Downloads\\\\react-challenge-amazon-clone-master\\\\react-challenge-amazon-clone-master\\\\functions\\\\node_modules\\\\firebase-functions\\\\lib\\\\index.js\"}"}}
[debug] [2022-04-16T03:51:18.747Z] [runtime-status] [10276] Checked functions.config() {"config":{}} {"metadata":{"emulator":{"name":"functions"},"function":{"name":"us-central1-api"},"extension":{},"message":"[runtime-status] [10276] Checked functions.config() {\"config\":{}}"}}
[debug] [2022-04-16T03:51:18.748Z] [runtime-status] [10276] firebase-functions has been stubbed. {"functionsResolution":{"declared":true,"installed":true,"version":"3.20.0","resolution":"C:\\Users\\omkar\\Downloads\\react-challenge-amazon-clone-master\\react-challenge-amazon-clone-master\\functions\\node_modules\\firebase-functions\\lib\\index.js"}} {"metadata":{"emulator":{"name":"functions"},"function":{"name":"us-central1-api"},"extension":{},"message":"[runtime-status] [10276] firebase-functions has been stubbed. {\"functionsResolution\":{\"declared\":true,\"installed\":true,\"version\":\"3.20.0\",\"resolution\":\"C:\\\\Users\\\\omkar\\\\Downloads\\\\react-challenge-amazon-clone-master\\\\react-challenge-amazon-clone-master\\\\functions\\\\node_modules\\\\firebase-functions\\\\lib\\\\index.js\"}}"}}
[debug] [2022-04-16T03:51:18.751Z] [runtime-status] [10276] Resolved module firebase-functions {"declared":true,"installed":true,"version":"3.20.0","resolution":"C:\\Users\\omkar\\Downloads\\react-challenge-amazon-clone-master\\react-challenge-amazon-clone-master\\functions\\node_modules\\firebase-functions\\lib\\index.js"} {"metadata":{"emulator":{"name":"functions"},"function":{"name":"us-central1-api"},"extension":{},"message":"[runtime-status] [10276] Resolved module firebase-functions {\"declared\":true,\"installed\":true,\"version\":\"3.20.0\",\"resolution\":\"C:\\\\Users\\\\omkar\\\\Downloads\\\\react-challenge-amazon-clone-master\\\\react-challenge-amazon-clone-master\\\\functions\\\\node_modules\\\\firebase-functions\\\\lib\\\\index.js\"}"}}
[debug] [2022-04-16T03:51:18.756Z] [runtime-status] [10276] Resolved module firebase-admin {"declared":true,"installed":true,"version":"10.0.2","resolution":"C:\\Users\\omkar\\Downloads\\react-challenge-amazon-clone-master\\react-challenge-amazon-clone-master\\functions\\node_modules\\firebase-admin\\lib\\index.js"} {"metadata":{"emulator":{"name":"functions"},"function":{"name":"us-central1-api"},"extension":{},"message":"[runtime-status] [10276] Resolved module firebase-admin {\"declared\":true,\"installed\":true,\"version\":\"10.0.2\",\"resolution\":\"C:\\\\Users\\\\omkar\\\\Downloads\\\\react-challenge-amazon-clone-master\\\\react-challenge-amazon-clone-master\\\\functions\\\\node_modules\\\\firebase-admin\\\\lib\\\\index.js\"}"}}
[debug] [2022-04-16T03:51:18.759Z] [runtime-status] [10276] Resolved module firebase-functions {"declared":true,"installed":true,"version":"3.20.0","resolution":"C:\\Users\\omkar\\Downloads\\react-challenge-amazon-clone-master\\react-challenge-amazon-clone-master\\functions\\node_modules\\firebase-functions\\lib\\index.js"} {"metadata":{"emulator":{"name":"functions"},"function":{"name":"us-central1-api"},"extension":{},"message":"[runtime-status] [10276] Resolved module firebase-functions {\"declared\":true,\"installed\":true,\"version\":\"3.20.0\",\"resolution\":\"C:\\\\Users\\\\omkar\\\\Downloads\\\\react-challenge-amazon-clone-master\\\\react-challenge-amazon-clone-master\\\\functions\\\\node_modules\\\\firebase-functions\\\\lib\\\\index.js\"}"}}
[debug] [2022-04-16T03:51:18.759Z] [runtime-status] [10276] firebase-admin has been stubbed. {"adminResolution":{"declared":true,"installed":true,"version":"10.0.2","resolution":"C:\\Users\\omkar\\Downloads\\react-challenge-amazon-clone-master\\react-challenge-amazon-clone-master\\functions\\node_modules\\firebase-admin\\lib\\index.js"}} {"metadata":{"emulator":{"name":"functions"},"function":{"name":"us-central1-api"},"extension":{},"message":"[runtime-status] [10276] firebase-admin has been stubbed. {\"adminResolution\":{\"declared\":true,\"installed\":true,\"version\":\"10.0.2\",\"resolution\":\"C:\\\\Users\\\\omkar\\\\Downloads\\\\react-challenge-amazon-clone-master\\\\react-challenge-amazon-clone-master\\\\functions\\\\node_modules\\\\firebase-admin\\\\lib\\\\index.js\"}}"}}
[debug] [2022-04-16T03:51:19.380Z] [runtime-status] [10276] Beginning invocation function api! {"metadata":{"emulator":{"name":"functions"},"function":{"name":"us-central1-api"},"extension":{},"message":"[runtime-status] [10276] Beginning invocation function api!"}}
[info] i  functions: Beginning execution of "api" {"metadata":{"emulator":{"name":"functions"},"function":{"name":"us-central1-api"},"extension":{},"message":"Beginning execution of \"api\""}}
[debug] [2022-04-16T03:51:19.382Z] [runtime-status] [10276] Running api in signature http {"metadata":{"emulator":{"name":"functions"},"function":{"name":"us-central1-api"},"extension":{},"message":"[runtime-status] [10276] Running api in signature http"}}
[debug] [2022-04-16T03:51:19.391Z] [runtime-status] [10276] Attempting to listen to socketPath: \\?\pipe\C:\Users\omkar\Downloads\react-challenge-amazon-clone-master\react-challenge-amazon-clone-master\functions\10276 {"metadata":{"emulator":{"name":"functions"},"function":{"name":"us-central1-api"},"extension":{},"message":"[runtime-status] [10276] Attempting to listen to socketPath: \\\\?\\pipe\\C:\\Users\\omkar\\Downloads\\react-challenge-amazon-clone-master\\react-challenge-amazon-clone-master\\functions\\10276"}}
[debug] [2022-04-16T03:51:19.402Z] [functions] Runtime ready! Sending request! {"metadata":{"emulator":{"name":"functions"},"message":"[functions] Runtime ready! Sending request!"}}
[debug] [2022-04-16T03:51:19.403Z] [functions] Got req.url=/clone-e610c/us-central1/api/payments/create?total=0, mapping to path=/payments/create?total=0 {"metadata":{"emulator":{"name":"functions"},"message":"[functions] Got req.url=/clone-e610c/us-central1/api/payments/create?total=0, mapping to path=/payments/create?total=0"}}
[debug] [2022-04-16T03:51:19.418Z] [runtime-status] [10276] Ephemeral server handling POST request {"metadata":{"emulator":{"name":"functions"},"function":{"name":"us-central1-api"},"extension":{},"message":"[runtime-status] [10276] Ephemeral server handling POST request"}}
[info] >  Payment Request Recieved BOOM!!! for this amount >>>  0 {"user":"Payment Request Recieved BOOM!!! for this amount >>>  0","metadata":{"emulator":{"name":"functions"},"function":{"name":"us-central1-api"},"extension":{},"message":"\u001b[90m> \u001b[39m Payment Request Recieved BOOM!!! for this amount >>>  0"}}
[debug] [2022-04-16T03:51:19.446Z] [runtime-status] [10276] Ephemeral server survived. {"metadata":{"emulator":{"name":"functions"},"function":{"name":"us-central1-api"},"extension":{},"message":"[runtime-status] [10276] Ephemeral server survived."}}
[info] >  C:\Users\omkar\Downloads\react-challenge-amazon-clone-master\react-challenge-amazon-clone-master\functions\node_modules\stripe\lib\Error.js:40 {"user":"C:\\Users\\omkar\\Downloads\\react-challenge-amazon-clone-master\\react-challenge-amazon-clone-master\\functions\\node_modules\\stripe\\lib\\Error.js:40\r","metadata":{"emulator":{"name":"functions"},"function":{"name":"us-central1-api"},"extension":{},"message":"\u001b[90m> \u001b[39m C:\\Users\\omkar\\Downloads\\react-challenge-amazon-clone-master\\react-challenge-amazon-clone-master\\functions\\node_modules\\stripe\\lib\\Error.js:40\r"}}
[info] >          return new StripeInvalidRequestError(rawStripeError); {"user":"        return new StripeInvalidRequestError(rawStripeError);\r","metadata":{"emulator":{"name":"functions"},"function":{"name":"us-central1-api"},"extension":{},"message":"\u001b[90m> \u001b[39m         return new StripeInvalidRequestError(rawStripeError);\r"}}
[info] >                 ^ {"user":"               ^\r","metadata":{"emulator":{"name":"functions"},"function":{"name":"us-central1-api"},"extension":{},"message":"\u001b[90m> \u001b[39m                ^\r"}}
[info] >   {"user":"\r","metadata":{"emulator":{"name":"functions"},"function":{"name":"us-central1-api"},"extension":{},"message":"\u001b[90m> \u001b[39m \r"}}
[info] >  StripeInvalidRequestError: This value must be greater than or equal to 1. {"user":"StripeInvalidRequestError: This value must be greater than or equal to 1.\r","metadata":{"emulator":{"name":"functions"},"function":{"name":"us-central1-api"},"extension":{},"message":"\u001b[90m> \u001b[39m StripeInvalidRequestError: This value must be greater than or equal to 1.\r"}}
[info] >      at Function.generate (C:\Users\omkar\Downloads\react-challenge-amazon-clone-master\react-challenge-amazon-clone-master\functions\node_modules\stripe\lib\Error.js:40:16) {"user":"    at Function.generate (C:\\Users\\omkar\\Downloads\\react-challenge-amazon-clone-master\\react-challenge-amazon-clone-master\\functions\\node_modules\\stripe\\lib\\Error.js:40:16)\r","metadata":{"emulator":{"name":"functions"},"function":{"name":"us-central1-api"},"extension":{},"message":"\u001b[90m> \u001b[39m     at Function.generate (C:\\Users\\omkar\\Downloads\\react-challenge-amazon-clone-master\\react-challenge-amazon-clone-master\\functions\\node_modules\\stripe\\lib\\Error.js:40:16)\r"}}
[info] >      at res.toJSON.then.StripeAPIError.message (C:\Users\omkar\Downloads\react-challenge-amazon-clone-master\react-challenge-amazon-clone-master\functions\node_modules\stripe\lib\StripeResource.js:220:35) {"user":"    at res.toJSON.then.StripeAPIError.message (C:\\Users\\omkar\\Downloads\\react-challenge-amazon-clone-master\\react-challenge-amazon-clone-master\\functions\\node_modules\\stripe\\lib\\StripeResource.js:220:35)\r","metadata":{"emulator":{"name":"functions"},"function":{"name":"us-central1-api"},"extension":{},"message":"\u001b[90m> \u001b[39m     at res.toJSON.then.StripeAPIError.message (C:\\Users\\omkar\\Downloads\\react-challenge-amazon-clone-master\\react-challenge-amazon-clone-master\\functions\\node_modules\\stripe\\lib\\StripeResource.js:220:35)\r"}}
[info] >      at processTicksAndRejections (node:internal/process/task_queues:96:5) { {"user":"    at processTicksAndRejections (node:internal/process/task_queues:96:5) {\r","metadata":{"emulator":{"name":"functions"},"function":{"name":"us-central1-api"},"extension":{},"message":"\u001b[90m> \u001b[39m     at processTicksAndRejections (node:internal/process/task_queues:96:5) {\r"}}
[info] >    type: 'StripeInvalidRequestError', {"user":"  type: 'StripeInvalidRequestError',\r","metadata":{"emulator":{"name":"functions"},"function":{"name":"us-central1-api"},"extension":{},"message":"\u001b[90m> \u001b[39m   type: 'StripeInvalidRequestError',\r"}}
[info] >    raw: { {"user":"  raw: {\r","metadata":{"emulator":{"name":"functions"},"function":{"name":"us-central1-api"},"extension":{},"message":"\u001b[90m> \u001b[39m   raw: {\r"}}
[info] >      code: 'parameter_invalid_integer', {"user":"    code: 'parameter_invalid_integer',\r","metadata":{"emulator":{"name":"functions"},"function":{"name":"us-central1-api"},"extension":{},"message":"\u001b[90m> \u001b[39m     code: 'parameter_invalid_integer',\r"}}
[info] >      doc_url: 'https://stripe.com/docs/error-codes/parameter-invalid-integer', {"user":"    doc_url: 'https://stripe.com/docs/error-codes/parameter-invalid-integer',\r","metadata":{"emulator":{"name":"functions"},"function":{"name":"us-central1-api"},"extension":{},"message":"\u001b[90m> \u001b[39m     doc_url: 'https://stripe.com/docs/error-codes/parameter-invalid-integer',\r"}}
[info] >      message: 'This value must be greater than or equal to 1.', {"user":"    message: 'This value must be greater than or equal to 1.',\r","metadata":{"emulator":{"name":"functions"},"function":{"name":"us-central1-api"},"extension":{},"message":"\u001b[90m> \u001b[39m     message: 'This value must be greater than or equal to 1.',\r"}}
[info] >      param: 'amount', {"user":"    param: 'amount',\r","metadata":{"emulator":{"name":"functions"},"function":{"name":"us-central1-api"},"extension":{},"message":"\u001b[90m> \u001b[39m     param: 'amount',\r"}}
[info] >      type: 'invalid_request_error', {"user":"    type: 'invalid_request_error',\r","metadata":{"emulator":{"name":"functions"},"function":{"name":"us-central1-api"},"extension":{},"message":"\u001b[90m> \u001b[39m     type: 'invalid_request_error',\r"}}
[info] >      headers: { {"user":"    headers: {\r","metadata":{"emulator":{"name":"functions"},"function":{"name":"us-central1-api"},"extension":{},"message":"\u001b[90m> \u001b[39m     headers: {\r"}}
[info] >        server: 'nginx', {"user":"      server: 'nginx',\r","metadata":{"emulator":{"name":"functions"},"function":{"name":"us-central1-api"},"extension":{},"message":"\u001b[90m> \u001b[39m       server: 'nginx',\r"}}
[info] >        date: 'Sat, 16 Apr 2022 03:51:13 GMT', {"user":"      date: 'Sat, 16 Apr 2022 03:51:13 GMT',\r","metadata":{"emulator":{"name":"functions"},"function":{"name":"us-central1-api"},"extension":{},"message":"\u001b[90m> \u001b[39m       date: 'Sat, 16 Apr 2022 03:51:13 GMT',\r"}}
[info] >        'content-type': 'application/json', {"user":"      'content-type': 'application/json',\r","metadata":{"emulator":{"name":"functions"},"function":{"name":"us-central1-api"},"extension":{},"message":"\u001b[90m> \u001b[39m       'content-type': 'application/json',\r"}}
[info] >        'content-length': '266', {"user":"      'content-length': '266',\r","metadata":{"emulator":{"name":"functions"},"function":{"name":"us-central1-api"},"extension":{},"message":"\u001b[90m> \u001b[39m       'content-length': '266',\r"}}
[info] >        connection: 'keep-alive', {"user":"      connection: 'keep-alive',\r","metadata":{"emulator":{"name":"functions"},"function":{"name":"us-central1-api"},"extension":{},"message":"\u001b[90m> \u001b[39m       connection: 'keep-alive',\r"}}
[info] >        'access-control-allow-credentials': 'true', {"user":"      'access-control-allow-credentials': 'true',\r","metadata":{"emulator":{"name":"functions"},"function":{"name":"us-central1-api"},"extension":{},"message":"\u001b[90m> \u001b[39m       'access-control-allow-credentials': 'true',\r"}}
[info] >        'access-control-allow-methods': 'GET, POST, HEAD, OPTIONS, DELETE', {"user":"      'access-control-allow-methods': 'GET, POST, HEAD, OPTIONS, DELETE',\r","metadata":{"emulator":{"name":"functions"},"function":{"name":"us-central1-api"},"extension":{},"message":"\u001b[90m> \u001b[39m       'access-control-allow-methods': 'GET, POST, HEAD, OPTIONS, DELETE',\r"}}
[info] >        'access-control-allow-origin': '*', {"user":"      'access-control-allow-origin': '*',\r","metadata":{"emulator":{"name":"functions"},"function":{"name":"us-central1-api"},"extension":{},"message":"\u001b[90m> \u001b[39m       'access-control-allow-origin': '*',\r"}}
[info] >        'access-control-expose-headers': 'Request-Id, Stripe-Manage-Version, X-Stripe-External-Auth-Required, X-Stripe-Privileged-Session-Required', {"user":"      'access-control-expose-headers': 'Request-Id, Stripe-Manage-Version, X-Stripe-External-Auth-Required, X-Stripe-Privileged-Session-Required',\r","metadata":{"emulator":{"name":"functions"},"function":{"name":"us-central1-api"},"extension":{},"message":"\u001b[90m> \u001b[39m       'access-control-expose-headers': 'Request-Id, Stripe-Manage-Version, X-Stripe-External-Auth-Required, X-Stripe-Privileged-Session-Required',\r"}}
[info] >        'access-control-max-age': '300', {"user":"      'access-control-max-age': '300',\r","metadata":{"emulator":{"name":"functions"},"function":{"name":"us-central1-api"},"extension":{},"message":"\u001b[90m> \u001b[39m       'access-control-max-age': '300',\r"}}
[info] >        'cache-control': 'no-cache, no-store', {"user":"      'cache-control': 'no-cache, no-store',\r","metadata":{"emulator":{"name":"functions"},"function":{"name":"us-central1-api"},"extension":{},"message":"\u001b[90m> \u001b[39m       'cache-control': 'no-cache, no-store',\r"}}
[info] >        'idempotency-key': '95be6c51-47c9-4436-8fa5-fdc04c66f6dd', {"user":"      'idempotency-key': '95be6c51-47c9-4436-8fa5-fdc04c66f6dd',\r","metadata":{"emulator":{"name":"functions"},"function":{"name":"us-central1-api"},"extension":{},"message":"\u001b[90m> \u001b[39m       'idempotency-key': '95be6c51-47c9-4436-8fa5-fdc04c66f6dd',\r"}}
[info] >        'original-request': 'req_MGWlygw6DZxHDv', {"user":"      'original-request': 'req_MGWlygw6DZxHDv',\r","metadata":{"emulator":{"name":"functions"},"function":{"name":"us-central1-api"},"extension":{},"message":"\u001b[90m> \u001b[39m       'original-request': 'req_MGWlygw6DZxHDv',\r"}}
[info] >        'request-id': 'req_MGWlygw6DZxHDv', {"user":"      'request-id': 'req_MGWlygw6DZxHDv',\r","metadata":{"emulator":{"name":"functions"},"function":{"name":"us-central1-api"},"extension":{},"message":"\u001b[90m> \u001b[39m       'request-id': 'req_MGWlygw6DZxHDv',\r"}}
[info] >        'stripe-version': '2020-08-27', {"user":"      'stripe-version': '2020-08-27',\r","metadata":{"emulator":{"name":"functions"},"function":{"name":"us-central1-api"},"extension":{},"message":"\u001b[90m> \u001b[39m       'stripe-version': '2020-08-27',\r"}}
[info] >        'strict-transport-security': 'max-age=31556926; includeSubDomains; preload' {"user":"      'strict-transport-security': 'max-age=31556926; includeSubDomains; preload'\r","metadata":{"emulator":{"name":"functions"},"function":{"name":"us-central1-api"},"extension":{},"message":"\u001b[90m> \u001b[39m       'strict-transport-security': 'max-age=31556926; includeSubDomains; preload'\r"}}
[info] >      }, {"user":"    },\r","metadata":{"emulator":{"name":"functions"},"function":{"name":"us-central1-api"},"extension":{},"message":"\u001b[90m> \u001b[39m     },\r"}}
[info] >      statusCode: 400, {"user":"    statusCode: 400,\r","metadata":{"emulator":{"name":"functions"},"function":{"name":"us-central1-api"},"extension":{},"message":"\u001b[90m> \u001b[39m     statusCode: 400,\r"}}
[info] >      requestId: 'req_MGWlygw6DZxHDv' {"user":"    requestId: 'req_MGWlygw6DZxHDv'\r","metadata":{"emulator":{"name":"functions"},"function":{"name":"us-central1-api"},"extension":{},"message":"\u001b[90m> \u001b[39m     requestId: 'req_MGWlygw6DZxHDv'\r"}}
[info] >    }, {"user":"  },\r","metadata":{"emulator":{"name":"functions"},"function":{"name":"us-central1-api"},"extension":{},"message":"\u001b[90m> \u001b[39m   },\r"}}
[info] >    rawType: 'invalid_request_error', {"user":"  rawType: 'invalid_request_error',\r","metadata":{"emulator":{"name":"functions"},"function":{"name":"us-central1-api"},"extension":{},"message":"\u001b[90m> \u001b[39m   rawType: 'invalid_request_error',\r"}}
[info] >    code: 'parameter_invalid_integer', {"user":"  code: 'parameter_invalid_integer',\r","metadata":{"emulator":{"name":"functions"},"function":{"name":"us-central1-api"},"extension":{},"message":"\u001b[90m> \u001b[39m   code: 'parameter_invalid_integer',\r"}}
[info] >    doc_url: 'https://stripe.com/docs/error-codes/parameter-invalid-integer', {"user":"  doc_url: 'https://stripe.com/docs/error-codes/parameter-invalid-integer',\r","metadata":{"emulator":{"name":"functions"},"function":{"name":"us-central1-api"},"extension":{},"message":"\u001b[90m> \u001b[39m   doc_url: 'https://stripe.com/docs/error-codes/parameter-invalid-integer',\r"}}
[info] >    param: 'amount', {"user":"  param: 'amount',\r","metadata":{"emulator":{"name":"functions"},"function":{"name":"us-central1-api"},"extension":{},"message":"\u001b[90m> \u001b[39m   param: 'amount',\r"}}
[info] >    detail: undefined, {"user":"  detail: undefined,\r","metadata":{"emulator":{"name":"functions"},"function":{"name":"us-central1-api"},"extension":{},"message":"\u001b[90m> \u001b[39m   detail: undefined,\r"}}
[info] >    headers: { {"user":"  headers: {\r","metadata":{"emulator":{"name":"functions"},"function":{"name":"us-central1-api"},"extension":{},"message":"\u001b[90m> \u001b[39m   headers: {\r"}}
[info] >      server: 'nginx', {"user":"    server: 'nginx',\r","metadata":{"emulator":{"name":"functions"},"function":{"name":"us-central1-api"},"extension":{},"message":"\u001b[90m> \u001b[39m     server: 'nginx',\r"}}
[info] >      date: 'Sat, 16 Apr 2022 03:51:13 GMT', {"user":"    date: 'Sat, 16 Apr 2022 03:51:13 GMT',\r","metadata":{"emulator":{"name":"functions"},"function":{"name":"us-central1-api"},"extension":{},"message":"\u001b[90m> \u001b[39m     date: 'Sat, 16 Apr 2022 03:51:13 GMT',\r"}}
[info] >      'content-type': 'application/json', {"user":"    'content-type': 'application/json',\r","metadata":{"emulator":{"name":"functions"},"function":{"name":"us-central1-api"},"extension":{},"message":"\u001b[90m> \u001b[39m     'content-type': 'application/json',\r"}}
[info] >      'content-length': '266', {"user":"    'content-length': '266',\r","metadata":{"emulator":{"name":"functions"},"function":{"name":"us-central1-api"},"extension":{},"message":"\u001b[90m> \u001b[39m     'content-length': '266',\r"}}
[info] >      connection: 'keep-alive', {"user":"    connection: 'keep-alive',\r","metadata":{"emulator":{"name":"functions"},"function":{"name":"us-central1-api"},"extension":{},"message":"\u001b[90m> \u001b[39m     connection: 'keep-alive',\r"}}
[info] >      'access-control-allow-credentials': 'true', {"user":"    'access-control-allow-credentials': 'true',\r","metadata":{"emulator":{"name":"functions"},"function":{"name":"us-central1-api"},"extension":{},"message":"\u001b[90m> \u001b[39m     'access-control-allow-credentials': 'true',\r"}}
[info] >      'access-control-allow-methods': 'GET, POST, HEAD, OPTIONS, DELETE', {"user":"    'access-control-allow-methods': 'GET, POST, HEAD, OPTIONS, DELETE',\r","metadata":{"emulator":{"name":"functions"},"function":{"name":"us-central1-api"},"extension":{},"message":"\u001b[90m> \u001b[39m     'access-control-allow-methods': 'GET, POST, HEAD, OPTIONS, DELETE',\r"}}
[info] >      'access-control-allow-origin': '*', {"user":"    'access-control-allow-origin': '*',\r","metadata":{"emulator":{"name":"functions"},"function":{"name":"us-central1-api"},"extension":{},"message":"\u001b[90m> \u001b[39m     'access-control-allow-origin': '*',\r"}}
[info] >      'access-control-expose-headers': 'Request-Id, Stripe-Manage-Version, X-Stripe-External-Auth-Required, X-Stripe-Privileged-Session-Required', {"user":"    'access-control-expose-headers': 'Request-Id, Stripe-Manage-Version, X-Stripe-External-Auth-Required, X-Stripe-Privileged-Session-Required',\r","metadata":{"emulator":{"name":"functions"},"function":{"name":"us-central1-api"},"extension":{},"message":"\u001b[90m> \u001b[39m     'access-control-expose-headers': 'Request-Id, Stripe-Manage-Version, X-Stripe-External-Auth-Required, X-Stripe-Privileged-Session-Required',\r"}}
[info] >      'access-control-max-age': '300', {"user":"    'access-control-max-age': '300',\r","metadata":{"emulator":{"name":"functions"},"function":{"name":"us-central1-api"},"extension":{},"message":"\u001b[90m> \u001b[39m     'access-control-max-age': '300',\r"}}
[info] >      'cache-control': 'no-cache, no-store', {"user":"    'cache-control': 'no-cache, no-store',\r","metadata":{"emulator":{"name":"functions"},"function":{"name":"us-central1-api"},"extension":{},"message":"\u001b[90m> \u001b[39m     'cache-control': 'no-cache, no-store',\r"}}
[info] >      'idempotency-key': '95be6c51-47c9-4436-8fa5-fdc04c66f6dd', {"user":"    'idempotency-key': '95be6c51-47c9-4436-8fa5-fdc04c66f6dd',\r","metadata":{"emulator":{"name":"functions"},"function":{"name":"us-central1-api"},"extension":{},"message":"\u001b[90m> \u001b[39m     'idempotency-key': '95be6c51-47c9-4436-8fa5-fdc04c66f6dd',\r"}}
[info] >      'original-request': 'req_MGWlygw6DZxHDv', {"user":"    'original-request': 'req_MGWlygw6DZxHDv',\r","metadata":{"emulator":{"name":"functions"},"function":{"name":"us-central1-api"},"extension":{},"message":"\u001b[90m> \u001b[39m     'original-request': 'req_MGWlygw6DZxHDv',\r"}}
[info] >      'request-id': 'req_MGWlygw6DZxHDv', {"user":"    'request-id': 'req_MGWlygw6DZxHDv',\r","metadata":{"emulator":{"name":"functions"},"function":{"name":"us-central1-api"},"extension":{},"message":"\u001b[90m> \u001b[39m     'request-id': 'req_MGWlygw6DZxHDv',\r"}}
[info] >      'stripe-version': '2020-08-27', {"user":"    'stripe-version': '2020-08-27',\r","metadata":{"emulator":{"name":"functions"},"function":{"name":"us-central1-api"},"extension":{},"message":"\u001b[90m> \u001b[39m     'stripe-version': '2020-08-27',\r"}}
[info] >      'strict-transport-security': 'max-age=31556926; includeSubDomains; preload' {"user":"    'strict-transport-security': 'max-age=31556926; includeSubDomains; preload'\r","metadata":{"emulator":{"name":"functions"},"function":{"name":"us-central1-api"},"extension":{},"message":"\u001b[90m> \u001b[39m     'strict-transport-security': 'max-age=31556926; includeSubDomains; preload'\r"}}
[info] >    }, {"user":"  },\r","metadata":{"emulator":{"name":"functions"},"function":{"name":"us-central1-api"},"extension":{},"message":"\u001b[90m> \u001b[39m   },\r"}}
[info] >    requestId: 'req_MGWlygw6DZxHDv', {"user":"  requestId: 'req_MGWlygw6DZxHDv',\r","metadata":{"emulator":{"name":"functions"},"function":{"name":"us-central1-api"},"extension":{},"message":"\u001b[90m> \u001b[39m   requestId: 'req_MGWlygw6DZxHDv',\r"}}
[info] >    statusCode: 400, {"user":"  statusCode: 400,\r","metadata":{"emulator":{"name":"functions"},"function":{"name":"us-central1-api"},"extension":{},"message":"\u001b[90m> \u001b[39m   statusCode: 400,\r"}}
[info] >    charge: undefined, {"user":"  charge: undefined,\r","metadata":{"emulator":{"name":"functions"},"function":{"name":"us-central1-api"},"extension":{},"message":"\u001b[90m> \u001b[39m   charge: undefined,\r"}}
[info] >    decline_code: undefined, {"user":"  decline_code: undefined,\r","metadata":{"emulator":{"name":"functions"},"function":{"name":"us-central1-api"},"extension":{},"message":"\u001b[90m> \u001b[39m   decline_code: undefined,\r"}}
[info] >    payment_intent: undefined, {"user":"  payment_intent: undefined,\r","metadata":{"emulator":{"name":"functions"},"function":{"name":"us-central1-api"},"extension":{},"message":"\u001b[90m> \u001b[39m   payment_intent: undefined,\r"}}
[info] >    payment_method: undefined, {"user":"  payment_method: undefined,\r","metadata":{"emulator":{"name":"functions"},"function":{"name":"us-central1-api"},"extension":{},"message":"\u001b[90m> \u001b[39m   payment_method: undefined,\r"}}
[info] >    payment_method_type: undefined, {"user":"  payment_method_type: undefined,\r","metadata":{"emulator":{"name":"functions"},"function":{"name":"us-central1-api"},"extension":{},"message":"\u001b[90m> \u001b[39m   payment_method_type: undefined,\r"}}
[info] >    setup_intent: undefined, {"user":"  setup_intent: undefined,\r","metadata":{"emulator":{"name":"functions"},"function":{"name":"us-central1-api"},"extension":{},"message":"\u001b[90m> \u001b[39m   setup_intent: undefined,\r"}}
[info] >    source: undefined {"user":"  source: undefined\r","metadata":{"emulator":{"name":"functions"},"function":{"name":"us-central1-api"},"extension":{},"message":"\u001b[90m> \u001b[39m   source: undefined\r"}}
[info] >  } {"user":"}\r","metadata":{"emulator":{"name":"functions"},"function":{"name":"us-central1-api"},"extension":{},"message":"\u001b[90m> \u001b[39m }\r"}}
[debug] [2022-04-16T03:51:20.101Z] [worker-us-central1-api-e7395d94-264d-47b8-b46d-eda99af1373a]: exited {"metadata":{"emulator":{"name":"functions"},"message":"[worker-us-central1-api-e7395d94-264d-47b8-b46d-eda99af1373a]: exited"}}
[debug] [2022-04-16T03:51:20.101Z] [worker-us-central1-api-e7395d94-264d-47b8-b46d-eda99af1373a]: FINISHED {"metadata":{"emulator":{"name":"functions"},"message":"[worker-us-central1-api-e7395d94-264d-47b8-b46d-eda99af1373a]: FINISHED"}}
[debug] [2022-04-16T03:51:20.101Z] [work-queue] {"queueLength":0,"workRunningCount":0}
[debug] [2022-04-16T03:51:27.648Z] [work-queue] {"queueLength":1,"workRunningCount":0}
[debug] [2022-04-16T03:51:27.649Z] [work-queue] {"queueLength":0,"workRunningCount":1}
[debug] [2022-04-16T03:51:27.649Z] Accepted request POST /clone-e610c/us-central1/api/payments/create?total=2392 --> us-central1-api
[debug] [2022-04-16T03:51:27.650Z] [worker-pool] Cleaned up workers for us-central1-api: 1 --> 0 {"metadata":{"emulator":{"name":"functions"},"message":"[worker-pool] Cleaned up workers for us-central1-api: 1 --> 0"}}
[debug] [2022-04-16T03:51:27.670Z] [worker-pool] addWorker(us-central1-api) {"metadata":{"emulator":{"name":"functions"},"message":"[worker-pool] addWorker(us-central1-api)"}}
[debug] [2022-04-16T03:51:27.670Z] [worker-pool] Adding worker with key us-central1-api, total=1 {"metadata":{"emulator":{"name":"functions"},"message":"[worker-pool] Adding worker with key us-central1-api, total=1"}}
[debug] [2022-04-16T03:51:27.671Z] [worker-pool] submitWork(triggerId=us-central1-api) {"metadata":{"emulator":{"name":"functions"},"message":"[worker-pool] submitWork(triggerId=us-central1-api)"}}
[debug] [2022-04-16T03:51:27.671Z] [worker-us-central1-api-dea4fb0b-7790-467f-a7de-ebb427b4eedc]: Assigning socketPath: \\?\pipe\C:\Users\omkar\Downloads\react-challenge-amazon-clone-master\react-challenge-amazon-clone-master\functions\9024 {"metadata":{"emulator":{"name":"functions"},"message":"[worker-us-central1-api-dea4fb0b-7790-467f-a7de-ebb427b4eedc]: Assigning socketPath: \\\\?\\pipe\\C:\\Users\\omkar\\Downloads\\react-challenge-amazon-clone-master\\react-challenge-amazon-clone-master\\functions\\9024"}}
[debug] [2022-04-16T03:51:27.671Z] [worker-us-central1-api-dea4fb0b-7790-467f-a7de-ebb427b4eedc]: BUSY {"metadata":{"emulator":{"name":"functions"},"message":"[worker-us-central1-api-dea4fb0b-7790-467f-a7de-ebb427b4eedc]: BUSY"}}
[debug] [2022-04-16T03:51:32.262Z] [runtime-status] [9024] Functions runtime initialized. {"cwd":"C:\\Users\\omkar\\Downloads\\react-challenge-amazon-clone-master\\react-challenge-amazon-clone-master\\functions","node_version":"16.13.2"} {"metadata":{"emulator":{"name":"functions"},"function":{"name":"us-central1-api"},"extension":{},"message":"[runtime-status] [9024] Functions runtime initialized. {\"cwd\":\"C:\\\\Users\\\\omkar\\\\Downloads\\\\react-challenge-amazon-clone-master\\\\react-challenge-amazon-clone-master\\\\functions\",\"node_version\":\"16.13.2\"}"}}
[debug] [2022-04-16T03:51:32.265Z] [runtime-status] [9024] Disabled runtime features: undefined {"metadata":{"emulator":{"name":"functions"},"function":{"name":"us-central1-api"},"extension":{},"message":"[runtime-status] [9024] Disabled runtime features: undefined"}}
[debug] [2022-04-16T03:51:32.274Z] [runtime-status] [9024] Resolved module firebase-admin {"declared":true,"installed":true,"version":"10.0.2","resolution":"C:\\Users\\omkar\\Downloads\\react-challenge-amazon-clone-master\\react-challenge-amazon-clone-master\\functions\\node_modules\\firebase-admin\\lib\\index.js"} {"metadata":{"emulator":{"name":"functions"},"function":{"name":"us-central1-api"},"extension":{},"message":"[runtime-status] [9024] Resolved module firebase-admin {\"declared\":true,\"installed\":true,\"version\":\"10.0.2\",\"resolution\":\"C:\\\\Users\\\\omkar\\\\Downloads\\\\react-challenge-amazon-clone-master\\\\react-challenge-amazon-clone-master\\\\functions\\\\node_modules\\\\firebase-admin\\\\lib\\\\index.js\"}"}}
[debug] [2022-04-16T03:51:32.280Z] [runtime-status] [9024] Resolved module firebase-functions {"declared":true,"installed":true,"version":"3.20.0","resolution":"C:\\Users\\omkar\\Downloads\\react-challenge-amazon-clone-master\\react-challenge-amazon-clone-master\\functions\\node_modules\\firebase-functions\\lib\\index.js"} {"metadata":{"emulator":{"name":"functions"},"function":{"name":"us-central1-api"},"extension":{},"message":"[runtime-status] [9024] Resolved module firebase-functions {\"declared\":true,\"installed\":true,\"version\":\"3.20.0\",\"resolution\":\"C:\\\\Users\\\\omkar\\\\Downloads\\\\react-challenge-amazon-clone-master\\\\react-challenge-amazon-clone-master\\\\functions\\\\node_modules\\\\firebase-functions\\\\lib\\\\index.js\"}"}}
[debug] [2022-04-16T03:51:32.282Z] [runtime-status] [9024] Outgoing network have been stubbed. [{"name":"http","status":"mocked"},{"name":"http","status":"mocked"},{"name":"https","status":"mocked"},{"name":"https","status":"mocked"},{"name":"net","status":"mocked"}] {"metadata":{"emulator":{"name":"functions"},"function":{"name":"us-central1-api"},"extension":{},"message":"[runtime-status] [9024] Outgoing network have been stubbed. [{\"name\":\"http\",\"status\":\"mocked\"},{\"name\":\"http\",\"status\":\"mocked\"},{\"name\":\"https\",\"status\":\"mocked\"},{\"name\":\"https\",\"status\":\"mocked\"},{\"name\":\"net\",\"status\":\"mocked\"}]"}}
[debug] [2022-04-16T03:51:32.284Z] [runtime-status] [9024] Resolved module firebase-functions {"declared":true,"installed":true,"version":"3.20.0","resolution":"C:\\Users\\omkar\\Downloads\\react-challenge-amazon-clone-master\\react-challenge-amazon-clone-master\\functions\\node_modules\\firebase-functions\\lib\\index.js"} {"metadata":{"emulator":{"name":"functions"},"function":{"name":"us-central1-api"},"extension":{},"message":"[runtime-status] [9024] Resolved module firebase-functions {\"declared\":true,\"installed\":true,\"version\":\"3.20.0\",\"resolution\":\"C:\\\\Users\\\\omkar\\\\Downloads\\\\react-challenge-amazon-clone-master\\\\react-challenge-amazon-clone-master\\\\functions\\\\node_modules\\\\firebase-functions\\\\lib\\\\index.js\"}"}}
[debug] [2022-04-16T03:51:32.567Z] [runtime-status] [9024] Checked functions.config() {"config":{}} {"metadata":{"emulator":{"name":"functions"},"function":{"name":"us-central1-api"},"extension":{},"message":"[runtime-status] [9024] Checked functions.config() {\"config\":{}}"}}
[debug] [2022-04-16T03:51:32.568Z] [runtime-status] [9024] firebase-functions has been stubbed. {"functionsResolution":{"declared":true,"installed":true,"version":"3.20.0","resolution":"C:\\Users\\omkar\\Downloads\\react-challenge-amazon-clone-master\\react-challenge-amazon-clone-master\\functions\\node_modules\\firebase-functions\\lib\\index.js"}} {"metadata":{"emulator":{"name":"functions"},"function":{"name":"us-central1-api"},"extension":{},"message":"[runtime-status] [9024] firebase-functions has been stubbed. {\"functionsResolution\":{\"declared\":true,\"installed\":true,\"version\":\"3.20.0\",\"resolution\":\"C:\\\\Users\\\\omkar\\\\Downloads\\\\react-challenge-amazon-clone-master\\\\react-challenge-amazon-clone-master\\\\functions\\\\node_modules\\\\firebase-functions\\\\lib\\\\index.js\"}}"}}
[debug] [2022-04-16T03:51:32.571Z] [runtime-status] [9024] Resolved module firebase-functions {"declared":true,"installed":true,"version":"3.20.0","resolution":"C:\\Users\\omkar\\Downloads\\react-challenge-amazon-clone-master\\react-challenge-amazon-clone-master\\functions\\node_modules\\firebase-functions\\lib\\index.js"} {"metadata":{"emulator":{"name":"functions"},"function":{"name":"us-central1-api"},"extension":{},"message":"[runtime-status] [9024] Resolved module firebase-functions {\"declared\":true,\"installed\":true,\"version\":\"3.20.0\",\"resolution\":\"C:\\\\Users\\\\omkar\\\\Downloads\\\\react-challenge-amazon-clone-master\\\\react-challenge-amazon-clone-master\\\\functions\\\\node_modules\\\\firebase-functions\\\\lib\\\\index.js\"}"}}
[debug] [2022-04-16T03:51:32.576Z] [runtime-status] [9024] Resolved module firebase-admin {"declared":true,"installed":true,"version":"10.0.2","resolution":"C:\\Users\\omkar\\Downloads\\react-challenge-amazon-clone-master\\react-challenge-amazon-clone-master\\functions\\node_modules\\firebase-admin\\lib\\index.js"} {"metadata":{"emulator":{"name":"functions"},"function":{"name":"us-central1-api"},"extension":{},"message":"[runtime-status] [9024] Resolved module firebase-admin {\"declared\":true,\"installed\":true,\"version\":\"10.0.2\",\"resolution\":\"C:\\\\Users\\\\omkar\\\\Downloads\\\\react-challenge-amazon-clone-master\\\\react-challenge-amazon-clone-master\\\\functions\\\\node_modules\\\\firebase-admin\\\\lib\\\\index.js\"}"}}
[debug] [2022-04-16T03:51:32.578Z] [runtime-status] [9024] Resolved module firebase-functions {"declared":true,"installed":true,"version":"3.20.0","resolution":"C:\\Users\\omkar\\Downloads\\react-challenge-amazon-clone-master\\react-challenge-amazon-clone-master\\functions\\node_modules\\firebase-functions\\lib\\index.js"} {"metadata":{"emulator":{"name":"functions"},"function":{"name":"us-central1-api"},"extension":{},"message":"[runtime-status] [9024] Resolved module firebase-functions {\"declared\":true,\"installed\":true,\"version\":\"3.20.0\",\"resolution\":\"C:\\\\Users\\\\omkar\\\\Downloads\\\\react-challenge-amazon-clone-master\\\\react-challenge-amazon-clone-master\\\\functions\\\\node_modules\\\\firebase-functions\\\\lib\\\\index.js\"}"}}
[debug] [2022-04-16T03:51:32.578Z] [runtime-status] [9024] firebase-admin has been stubbed. {"adminResolution":{"declared":true,"installed":true,"version":"10.0.2","resolution":"C:\\Users\\omkar\\Downloads\\react-challenge-amazon-clone-master\\react-challenge-amazon-clone-master\\functions\\node_modules\\firebase-admin\\lib\\index.js"}} {"metadata":{"emulator":{"name":"functions"},"function":{"name":"us-central1-api"},"extension":{},"message":"[runtime-status] [9024] firebase-admin has been stubbed. {\"adminResolution\":{\"declared\":true,\"installed\":true,\"version\":\"10.0.2\",\"resolution\":\"C:\\\\Users\\\\omkar\\\\Downloads\\\\react-challenge-amazon-clone-master\\\\react-challenge-amazon-clone-master\\\\functions\\\\node_modules\\\\firebase-admin\\\\lib\\\\index.js\"}}"}}
[debug] [2022-04-16T03:51:33.191Z] [runtime-status] [9024] Beginning invocation function api! {"metadata":{"emulator":{"name":"functions"},"function":{"name":"us-central1-api"},"extension":{},"message":"[runtime-status] [9024] Beginning invocation function api!"}}
[info] i  functions: Beginning execution of "api" {"metadata":{"emulator":{"name":"functions"},"function":{"name":"us-central1-api"},"extension":{},"message":"Beginning execution of \"api\""}}
[debug] [2022-04-16T03:51:33.193Z] [runtime-status] [9024] Running api in signature http {"metadata":{"emulator":{"name":"functions"},"function":{"name":"us-central1-api"},"extension":{},"message":"[runtime-status] [9024] Running api in signature http"}}
[debug] [2022-04-16T03:51:33.202Z] [runtime-status] [9024] Attempting to listen to socketPath: \\?\pipe\C:\Users\omkar\Downloads\react-challenge-amazon-clone-master\react-challenge-amazon-clone-master\functions\9024 {"metadata":{"emulator":{"name":"functions"},"function":{"name":"us-central1-api"},"extension":{},"message":"[runtime-status] [9024] Attempting to listen to socketPath: \\\\?\\pipe\\C:\\Users\\omkar\\Downloads\\react-challenge-amazon-clone-master\\react-challenge-amazon-clone-master\\functions\\9024"}}
[debug] [2022-04-16T03:51:33.213Z] [functions] Runtime ready! Sending request! {"metadata":{"emulator":{"name":"functions"},"message":"[functions] Runtime ready! Sending request!"}}
[debug] [2022-04-16T03:51:33.213Z] [functions] Got req.url=/clone-e610c/us-central1/api/payments/create?total=2392, mapping to path=/payments/create?total=2392 {"metadata":{"emulator":{"name":"functions"},"message":"[functions] Got req.url=/clone-e610c/us-central1/api/payments/create?total=2392, mapping to path=/payments/create?total=2392"}}
[debug] [2022-04-16T03:51:33.229Z] [runtime-status] [9024] Ephemeral server handling POST request {"metadata":{"emulator":{"name":"functions"},"function":{"name":"us-central1-api"},"extension":{},"message":"[runtime-status] [9024] Ephemeral server handling POST request"}}
[info] >  Payment Request Recieved BOOM!!! for this amount >>>  2392 {"user":"Payment Request Recieved BOOM!!! for this amount >>>  2392","metadata":{"emulator":{"name":"functions"},"function":{"name":"us-central1-api"},"extension":{},"message":"\u001b[90m> \u001b[39m Payment Request Recieved BOOM!!! for this amount >>>  2392"}}
[debug] [2022-04-16T03:51:33.257Z] [runtime-status] [9024] Ephemeral server survived. {"metadata":{"emulator":{"name":"functions"},"function":{"name":"us-central1-api"},"extension":{},"message":"[runtime-status] [9024] Ephemeral server survived."}}
[info] i  functions: Finished "api" in ~1s {"metadata":{"emulator":{"name":"functions"},"function":{"name":"us-central1-api"},"extension":{},"message":"Finished \"api\" in ~1s"}}
[debug] [2022-04-16T03:51:33.913Z] [worker-us-central1-api-dea4fb0b-7790-467f-a7de-ebb427b4eedc]: IDLE {"metadata":{"emulator":{"name":"functions"},"message":"[worker-us-central1-api-dea4fb0b-7790-467f-a7de-ebb427b4eedc]: IDLE"}}
[debug] [2022-04-16T03:51:33.913Z] [work-queue] {"queueLength":0,"workRunningCount":0}
[debug] [2022-04-16T03:51:48.743Z] [work-queue] {"queueLength":1,"workRunningCount":0}
[debug] [2022-04-16T03:51:48.743Z] [work-queue] {"queueLength":0,"workRunningCount":1}
[debug] [2022-04-16T03:51:48.744Z] Accepted request POST /clone-e610c/us-central1/api/payments/create?total=0 --> us-central1-api
[debug] [2022-04-16T03:51:48.744Z] [worker-pool] submitWork(triggerId=us-central1-api) {"metadata":{"emulator":{"name":"functions"},"message":"[worker-pool] submitWork(triggerId=us-central1-api)"}}
[debug] [2022-04-16T03:51:48.744Z] [worker-us-central1-api-dea4fb0b-7790-467f-a7de-ebb427b4eedc]: Assigning socketPath: \\?\pipe\C:\Users\omkar\Downloads\react-challenge-amazon-clone-master\react-challenge-amazon-clone-master\functions\9024 {"metadata":{"emulator":{"name":"functions"},"message":"[worker-us-central1-api-dea4fb0b-7790-467f-a7de-ebb427b4eedc]: Assigning socketPath: \\\\?\\pipe\\C:\\Users\\omkar\\Downloads\\react-challenge-amazon-clone-master\\react-challenge-amazon-clone-master\\functions\\9024"}}
[debug] [2022-04-16T03:51:48.744Z] [worker-us-central1-api-dea4fb0b-7790-467f-a7de-ebb427b4eedc]: BUSY {"metadata":{"emulator":{"name":"functions"},"message":"[worker-us-central1-api-dea4fb0b-7790-467f-a7de-ebb427b4eedc]: BUSY"}}
[debug] [2022-04-16T03:51:48.745Z] [runtime-status] [9024] Beginning invocation function api! {"metadata":{"emulator":{"name":"functions"},"function":{"name":"us-central1-api"},"extension":{},"message":"[runtime-status] [9024] Beginning invocation function api!"}}
[info] i  functions: Beginning execution of "api" {"metadata":{"emulator":{"name":"functions"},"function":{"name":"us-central1-api"},"extension":{},"message":"Beginning execution of \"api\""}}
[debug] [2022-04-16T03:51:48.747Z] [runtime-status] [9024] Running api in signature http {"metadata":{"emulator":{"name":"functions"},"function":{"name":"us-central1-api"},"extension":{},"message":"[runtime-status] [9024] Running api in signature http"}}
[debug] [2022-04-16T03:51:48.748Z] [runtime-status] [9024] Attempting to listen to socketPath: \\?\pipe\C:\Users\omkar\Downloads\react-challenge-amazon-clone-master\react-challenge-amazon-clone-master\functions\9024 {"metadata":{"emulator":{"name":"functions"},"function":{"name":"us-central1-api"},"extension":{},"message":"[runtime-status] [9024] Attempting to listen to socketPath: \\\\?\\pipe\\C:\\Users\\omkar\\Downloads\\react-challenge-amazon-clone-master\\react-challenge-amazon-clone-master\\functions\\9024"}}
[debug] [2022-04-16T03:51:48.753Z] [functions] Runtime ready! Sending request! {"metadata":{"emulator":{"name":"functions"},"message":"[functions] Runtime ready! Sending request!"}}
[debug] [2022-04-16T03:51:48.754Z] [functions] Got req.url=/clone-e610c/us-central1/api/payments/create?total=0, mapping to path=/payments/create?total=0 {"metadata":{"emulator":{"name":"functions"},"message":"[functions] Got req.url=/clone-e610c/us-central1/api/payments/create?total=0, mapping to path=/payments/create?total=0"}}
[debug] [2022-04-16T03:51:48.759Z] [runtime-status] [9024] Ephemeral server handling POST request {"metadata":{"emulator":{"name":"functions"},"function":{"name":"us-central1-api"},"extension":{},"message":"[runtime-status] [9024] Ephemeral server handling POST request"}}
[info] >  Payment Request Recieved BOOM!!! for this amount >>>  0 {"user":"Payment Request Recieved BOOM!!! for this amount >>>  0","metadata":{"emulator":{"name":"functions"},"function":{"name":"us-central1-api"},"extension":{},"message":"\u001b[90m> \u001b[39m Payment Request Recieved BOOM!!! for this amount >>>  0"}}
[debug] [2022-04-16T03:51:48.765Z] [runtime-status] [9024] Ephemeral server survived. {"metadata":{"emulator":{"name":"functions"},"function":{"name":"us-central1-api"},"extension":{},"message":"[runtime-status] [9024] Ephemeral server survived."}}
[info] >  C:\Users\omkar\Downloads\react-challenge-amazon-clone-master\react-challenge-amazon-clone-master\functions\node_modules\stripe\lib\Error.js:40 {"user":"C:\\Users\\omkar\\Downloads\\react-challenge-amazon-clone-master\\react-challenge-amazon-clone-master\\functions\\node_modules\\stripe\\lib\\Error.js:40\r","metadata":{"emulator":{"name":"functions"},"function":{"name":"us-central1-api"},"extension":{},"message":"\u001b[90m> \u001b[39m C:\\Users\\omkar\\Downloads\\react-challenge-amazon-clone-master\\react-challenge-amazon-clone-master\\functions\\node_modules\\stripe\\lib\\Error.js:40\r"}}
[info] >          return new StripeInvalidRequestError(rawStripeError); {"user":"        return new StripeInvalidRequestError(rawStripeError);\r","metadata":{"emulator":{"name":"functions"},"function":{"name":"us-central1-api"},"extension":{},"message":"\u001b[90m> \u001b[39m         return new StripeInvalidRequestError(rawStripeError);\r"}}
[info] >                 ^ {"user":"               ^\r","metadata":{"emulator":{"name":"functions"},"function":{"name":"us-central1-api"},"extension":{},"message":"\u001b[90m> \u001b[39m                ^\r"}}
[info] >   {"user":"\r","metadata":{"emulator":{"name":"functions"},"function":{"name":"us-central1-api"},"extension":{},"message":"\u001b[90m> \u001b[39m \r"}}
[info] >  StripeInvalidRequestError: This value must be greater than or equal to 1. {"user":"StripeInvalidRequestError: This value must be greater than or equal to 1.\r","metadata":{"emulator":{"name":"functions"},"function":{"name":"us-central1-api"},"extension":{},"message":"\u001b[90m> \u001b[39m StripeInvalidRequestError: This value must be greater than or equal to 1.\r"}}
[info] >      at Function.generate (C:\Users\omkar\Downloads\react-challenge-amazon-clone-master\react-challenge-amazon-clone-master\functions\node_modules\stripe\lib\Error.js:40:16) {"user":"    at Function.generate (C:\\Users\\omkar\\Downloads\\react-challenge-amazon-clone-master\\react-challenge-amazon-clone-master\\functions\\node_modules\\stripe\\lib\\Error.js:40:16)\r","metadata":{"emulator":{"name":"functions"},"function":{"name":"us-central1-api"},"extension":{},"message":"\u001b[90m> \u001b[39m     at Function.generate (C:\\Users\\omkar\\Downloads\\react-challenge-amazon-clone-master\\react-challenge-amazon-clone-master\\functions\\node_modules\\stripe\\lib\\Error.js:40:16)\r"}}
[info] >      at res.toJSON.then.StripeAPIError.message (C:\Users\omkar\Downloads\react-challenge-amazon-clone-master\react-challenge-amazon-clone-master\functions\node_modules\stripe\lib\StripeResource.js:220:35) {"user":"    at res.toJSON.then.StripeAPIError.message (C:\\Users\\omkar\\Downloads\\react-challenge-amazon-clone-master\\react-challenge-amazon-clone-master\\functions\\node_modules\\stripe\\lib\\StripeResource.js:220:35)\r","metadata":{"emulator":{"name":"functions"},"function":{"name":"us-central1-api"},"extension":{},"message":"\u001b[90m> \u001b[39m     at res.toJSON.then.StripeAPIError.message (C:\\Users\\omkar\\Downloads\\react-challenge-amazon-clone-master\\react-challenge-amazon-clone-master\\functions\\node_modules\\stripe\\lib\\StripeResource.js:220:35)\r"}}
[info] >      at processTicksAndRejections (node:internal/process/task_queues:96:5) { {"user":"    at processTicksAndRejections (node:internal/process/task_queues:96:5) {\r","metadata":{"emulator":{"name":"functions"},"function":{"name":"us-central1-api"},"extension":{},"message":"\u001b[90m> \u001b[39m     at processTicksAndRejections (node:internal/process/task_queues:96:5) {\r"}}
[info] >    type: 'StripeInvalidRequestError', {"user":"  type: 'StripeInvalidRequestError',\r","metadata":{"emulator":{"name":"functions"},"function":{"name":"us-central1-api"},"extension":{},"message":"\u001b[90m> \u001b[39m   type: 'StripeInvalidRequestError',\r"}}
[info] >    raw: { {"user":"  raw: {\r","metadata":{"emulator":{"name":"functions"},"function":{"name":"us-central1-api"},"extension":{},"message":"\u001b[90m> \u001b[39m   raw: {\r"}}
[info] >      code: 'parameter_invalid_integer', {"user":"    code: 'parameter_invalid_integer',\r","metadata":{"emulator":{"name":"functions"},"function":{"name":"us-central1-api"},"extension":{},"message":"\u001b[90m> \u001b[39m     code: 'parameter_invalid_integer',\r"}}
[info] >      doc_url: 'https://stripe.com/docs/error-codes/parameter-invalid-integer', {"user":"    doc_url: 'https://stripe.com/docs/error-codes/parameter-invalid-integer',\r","metadata":{"emulator":{"name":"functions"},"function":{"name":"us-central1-api"},"extension":{},"message":"\u001b[90m> \u001b[39m     doc_url: 'https://stripe.com/docs/error-codes/parameter-invalid-integer',\r"}}
[info] >      message: 'This value must be greater than or equal to 1.', {"user":"    message: 'This value must be greater than or equal to 1.',\r","metadata":{"emulator":{"name":"functions"},"function":{"name":"us-central1-api"},"extension":{},"message":"\u001b[90m> \u001b[39m     message: 'This value must be greater than or equal to 1.',\r"}}
[info] >      param: 'amount', {"user":"    param: 'amount',\r","metadata":{"emulator":{"name":"functions"},"function":{"name":"us-central1-api"},"extension":{},"message":"\u001b[90m> \u001b[39m     param: 'amount',\r"}}
[info] >      type: 'invalid_request_error', {"user":"    type: 'invalid_request_error',\r","metadata":{"emulator":{"name":"functions"},"function":{"name":"us-central1-api"},"extension":{},"message":"\u001b[90m> \u001b[39m     type: 'invalid_request_error',\r"}}
[info] >      headers: { {"user":"    headers: {\r","metadata":{"emulator":{"name":"functions"},"function":{"name":"us-central1-api"},"extension":{},"message":"\u001b[90m> \u001b[39m     headers: {\r"}}
[info] >        server: 'nginx', {"user":"      server: 'nginx',\r","metadata":{"emulator":{"name":"functions"},"function":{"name":"us-central1-api"},"extension":{},"message":"\u001b[90m> \u001b[39m       server: 'nginx',\r"}}
[info] >        date: 'Sat, 16 Apr 2022 03:51:42 GMT', {"user":"      date: 'Sat, 16 Apr 2022 03:51:42 GMT',\r","metadata":{"emulator":{"name":"functions"},"function":{"name":"us-central1-api"},"extension":{},"message":"\u001b[90m> \u001b[39m       date: 'Sat, 16 Apr 2022 03:51:42 GMT',\r"}}
[info] >        'content-type': 'application/json', {"user":"      'content-type': 'application/json',\r","metadata":{"emulator":{"name":"functions"},"function":{"name":"us-central1-api"},"extension":{},"message":"\u001b[90m> \u001b[39m       'content-type': 'application/json',\r"}}
[info] >        'content-length': '266', {"user":"      'content-length': '266',\r","metadata":{"emulator":{"name":"functions"},"function":{"name":"us-central1-api"},"extension":{},"message":"\u001b[90m> \u001b[39m       'content-length': '266',\r"}}
[info] >        connection: 'keep-alive', {"user":"      connection: 'keep-alive',\r","metadata":{"emulator":{"name":"functions"},"function":{"name":"us-central1-api"},"extension":{},"message":"\u001b[90m> \u001b[39m       connection: 'keep-alive',\r"}}
[info] >        'access-control-allow-credentials': 'true', {"user":"      'access-control-allow-credentials': 'true',\r","metadata":{"emulator":{"name":"functions"},"function":{"name":"us-central1-api"},"extension":{},"message":"\u001b[90m> \u001b[39m       'access-control-allow-credentials': 'true',\r"}}
[info] >        'access-control-allow-methods': 'GET, POST, HEAD, OPTIONS, DELETE', {"user":"      'access-control-allow-methods': 'GET, POST, HEAD, OPTIONS, DELETE',\r","metadata":{"emulator":{"name":"functions"},"function":{"name":"us-central1-api"},"extension":{},"message":"\u001b[90m> \u001b[39m       'access-control-allow-methods': 'GET, POST, HEAD, OPTIONS, DELETE',\r"}}
[info] >        'access-control-allow-origin': '*', {"user":"      'access-control-allow-origin': '*',\r","metadata":{"emulator":{"name":"functions"},"function":{"name":"us-central1-api"},"extension":{},"message":"\u001b[90m> \u001b[39m       'access-control-allow-origin': '*',\r"}}
[info] >        'access-control-expose-headers': 'Request-Id, Stripe-Manage-Version, X-Stripe-External-Auth-Required, X-Stripe-Privileged-Session-Required', {"user":"      'access-control-expose-headers': 'Request-Id, Stripe-Manage-Version, X-Stripe-External-Auth-Required, X-Stripe-Privileged-Session-Required',\r","metadata":{"emulator":{"name":"functions"},"function":{"name":"us-central1-api"},"extension":{},"message":"\u001b[90m> \u001b[39m       'access-control-expose-headers': 'Request-Id, Stripe-Manage-Version, X-Stripe-External-Auth-Required, X-Stripe-Privileged-Session-Required',\r"}}
[info] >        'access-control-max-age': '300', {"user":"      'access-control-max-age': '300',\r","metadata":{"emulator":{"name":"functions"},"function":{"name":"us-central1-api"},"extension":{},"message":"\u001b[90m> \u001b[39m       'access-control-max-age': '300',\r"}}
[info] >        'cache-control': 'no-cache, no-store', {"user":"      'cache-control': 'no-cache, no-store',\r","metadata":{"emulator":{"name":"functions"},"function":{"name":"us-central1-api"},"extension":{},"message":"\u001b[90m> \u001b[39m       'cache-control': 'no-cache, no-store',\r"}}
[info] >        'idempotency-key': 'd5996fb4-678b-4b2f-ade4-d6a016bb0204', {"user":"      'idempotency-key': 'd5996fb4-678b-4b2f-ade4-d6a016bb0204',\r","metadata":{"emulator":{"name":"functions"},"function":{"name":"us-central1-api"},"extension":{},"message":"\u001b[90m> \u001b[39m       'idempotency-key': 'd5996fb4-678b-4b2f-ade4-d6a016bb0204',\r"}}
[info] >        'original-request': 'req_xzzcufRb03reIN', {"user":"      'original-request': 'req_xzzcufRb03reIN',\r","metadata":{"emulator":{"name":"functions"},"function":{"name":"us-central1-api"},"extension":{},"message":"\u001b[90m> \u001b[39m       'original-request': 'req_xzzcufRb03reIN',\r"}}
[info] >        'request-id': 'req_xzzcufRb03reIN', {"user":"      'request-id': 'req_xzzcufRb03reIN',\r","metadata":{"emulator":{"name":"functions"},"function":{"name":"us-central1-api"},"extension":{},"message":"\u001b[90m> \u001b[39m       'request-id': 'req_xzzcufRb03reIN',\r"}}
[info] >        'stripe-version': '2020-08-27', {"user":"      'stripe-version': '2020-08-27',\r","metadata":{"emulator":{"name":"functions"},"function":{"name":"us-central1-api"},"extension":{},"message":"\u001b[90m> \u001b[39m       'stripe-version': '2020-08-27',\r"}}
[info] >        'strict-transport-security': 'max-age=31556926; includeSubDomains; preload' {"user":"      'strict-transport-security': 'max-age=31556926; includeSubDomains; preload'\r","metadata":{"emulator":{"name":"functions"},"function":{"name":"us-central1-api"},"extension":{},"message":"\u001b[90m> \u001b[39m       'strict-transport-security': 'max-age=31556926; includeSubDomains; preload'\r"}}
[info] >      }, {"user":"    },\r","metadata":{"emulator":{"name":"functions"},"function":{"name":"us-central1-api"},"extension":{},"message":"\u001b[90m> \u001b[39m     },\r"}}
[info] >      statusCode: 400, {"user":"    statusCode: 400,\r","metadata":{"emulator":{"name":"functions"},"function":{"name":"us-central1-api"},"extension":{},"message":"\u001b[90m> \u001b[39m     statusCode: 400,\r"}}
[info] >      requestId: 'req_xzzcufRb03reIN' {"user":"    requestId: 'req_xzzcufRb03reIN'\r","metadata":{"emulator":{"name":"functions"},"function":{"name":"us-central1-api"},"extension":{},"message":"\u001b[90m> \u001b[39m     requestId: 'req_xzzcufRb03reIN'\r"}}
[info] >    }, {"user":"  },\r","metadata":{"emulator":{"name":"functions"},"function":{"name":"us-central1-api"},"extension":{},"message":"\u001b[90m> \u001b[39m   },\r"}}
[info] >    rawType: 'invalid_request_error', {"user":"  rawType: 'invalid_request_error',\r","metadata":{"emulator":{"name":"functions"},"function":{"name":"us-central1-api"},"extension":{},"message":"\u001b[90m> \u001b[39m   rawType: 'invalid_request_error',\r"}}
[info] >    code: 'parameter_invalid_integer', {"user":"  code: 'parameter_invalid_integer',\r","metadata":{"emulator":{"name":"functions"},"function":{"name":"us-central1-api"},"extension":{},"message":"\u001b[90m> \u001b[39m   code: 'parameter_invalid_integer',\r"}}
[info] >    doc_url: 'https://stripe.com/docs/error-codes/parameter-invalid-integer', {"user":"  doc_url: 'https://stripe.com/docs/error-codes/parameter-invalid-integer',\r","metadata":{"emulator":{"name":"functions"},"function":{"name":"us-central1-api"},"extension":{},"message":"\u001b[90m> \u001b[39m   doc_url: 'https://stripe.com/docs/error-codes/parameter-invalid-integer',\r"}}
[info] >    param: 'amount', {"user":"  param: 'amount',\r","metadata":{"emulator":{"name":"functions"},"function":{"name":"us-central1-api"},"extension":{},"message":"\u001b[90m> \u001b[39m   param: 'amount',\r"}}
[info] >    detail: undefined, {"user":"  detail: undefined,\r","metadata":{"emulator":{"name":"functions"},"function":{"name":"us-central1-api"},"extension":{},"message":"\u001b[90m> \u001b[39m   detail: undefined,\r"}}
[info] >    headers: { {"user":"  headers: {\r","metadata":{"emulator":{"name":"functions"},"function":{"name":"us-central1-api"},"extension":{},"message":"\u001b[90m> \u001b[39m   headers: {\r"}}
[info] >      server: 'nginx', {"user":"    server: 'nginx',\r","metadata":{"emulator":{"name":"functions"},"function":{"name":"us-central1-api"},"extension":{},"message":"\u001b[90m> \u001b[39m     server: 'nginx',\r"}}
[info] >      date: 'Sat, 16 Apr 2022 03:51:42 GMT', {"user":"    date: 'Sat, 16 Apr 2022 03:51:42 GMT',\r","metadata":{"emulator":{"name":"functions"},"function":{"name":"us-central1-api"},"extension":{},"message":"\u001b[90m> \u001b[39m     date: 'Sat, 16 Apr 2022 03:51:42 GMT',\r"}}
[info] >      'content-type': 'application/json', {"user":"    'content-type': 'application/json',\r","metadata":{"emulator":{"name":"functions"},"function":{"name":"us-central1-api"},"extension":{},"message":"\u001b[90m> \u001b[39m     'content-type': 'application/json',\r"}}
[info] >      'content-length': '266', {"user":"    'content-length': '266',\r","metadata":{"emulator":{"name":"functions"},"function":{"name":"us-central1-api"},"extension":{},"message":"\u001b[90m> \u001b[39m     'content-length': '266',\r"}}
[info] >      connection: 'keep-alive', {"user":"    connection: 'keep-alive',\r","metadata":{"emulator":{"name":"functions"},"function":{"name":"us-central1-api"},"extension":{},"message":"\u001b[90m> \u001b[39m     connection: 'keep-alive',\r"}}
[info] >      'access-control-allow-credentials': 'true', {"user":"    'access-control-allow-credentials': 'true',\r","metadata":{"emulator":{"name":"functions"},"function":{"name":"us-central1-api"},"extension":{},"message":"\u001b[90m> \u001b[39m     'access-control-allow-credentials': 'true',\r"}}
[info] >      'access-control-allow-methods': 'GET, POST, HEAD, OPTIONS, DELETE', {"user":"    'access-control-allow-methods': 'GET, POST, HEAD, OPTIONS, DELETE',\r","metadata":{"emulator":{"name":"functions"},"function":{"name":"us-central1-api"},"extension":{},"message":"\u001b[90m> \u001b[39m     'access-control-allow-methods': 'GET, POST, HEAD, OPTIONS, DELETE',\r"}}
[info] >      'access-control-allow-origin': '*', {"user":"    'access-control-allow-origin': '*',\r","metadata":{"emulator":{"name":"functions"},"function":{"name":"us-central1-api"},"extension":{},"message":"\u001b[90m> \u001b[39m     'access-control-allow-origin': '*',\r"}}
[info] >      'access-control-expose-headers': 'Request-Id, Stripe-Manage-Version, X-Stripe-External-Auth-Required, X-Stripe-Privileged-Session-Required', {"user":"    'access-control-expose-headers': 'Request-Id, Stripe-Manage-Version, X-Stripe-External-Auth-Required, X-Stripe-Privileged-Session-Required',\r","metadata":{"emulator":{"name":"functions"},"function":{"name":"us-central1-api"},"extension":{},"message":"\u001b[90m> \u001b[39m     'access-control-expose-headers': 'Request-Id, Stripe-Manage-Version, X-Stripe-External-Auth-Required, X-Stripe-Privileged-Session-Required',\r"}}
[info] >      'access-control-max-age': '300', {"user":"    'access-control-max-age': '300',\r","metadata":{"emulator":{"name":"functions"},"function":{"name":"us-central1-api"},"extension":{},"message":"\u001b[90m> \u001b[39m     'access-control-max-age': '300',\r"}}
[info] >      'cache-control': 'no-cache, no-store', {"user":"    'cache-control': 'no-cache, no-store',\r","metadata":{"emulator":{"name":"functions"},"function":{"name":"us-central1-api"},"extension":{},"message":"\u001b[90m> \u001b[39m     'cache-control': 'no-cache, no-store',\r"}}
[info] >      'idempotency-key': 'd5996fb4-678b-4b2f-ade4-d6a016bb0204', {"user":"    'idempotency-key': 'd5996fb4-678b-4b2f-ade4-d6a016bb0204',\r","metadata":{"emulator":{"name":"functions"},"function":{"name":"us-central1-api"},"extension":{},"message":"\u001b[90m> \u001b[39m     'idempotency-key': 'd5996fb4-678b-4b2f-ade4-d6a016bb0204',\r"}}
[info] >      'original-request': 'req_xzzcufRb03reIN', {"user":"    'original-request': 'req_xzzcufRb03reIN',\r","metadata":{"emulator":{"name":"functions"},"function":{"name":"us-central1-api"},"extension":{},"message":"\u001b[90m> \u001b[39m     'original-request': 'req_xzzcufRb03reIN',\r"}}
[info] >      'request-id': 'req_xzzcufRb03reIN', {"user":"    'request-id': 'req_xzzcufRb03reIN',\r","metadata":{"emulator":{"name":"functions"},"function":{"name":"us-central1-api"},"extension":{},"message":"\u001b[90m> \u001b[39m     'request-id': 'req_xzzcufRb03reIN',\r"}}
[info] >      'stripe-version': '2020-08-27', {"user":"    'stripe-version': '2020-08-27',\r","metadata":{"emulator":{"name":"functions"},"function":{"name":"us-central1-api"},"extension":{},"message":"\u001b[90m> \u001b[39m     'stripe-version': '2020-08-27',\r"}}
[info] >      'strict-transport-security': 'max-age=31556926; includeSubDomains; preload' {"user":"    'strict-transport-security': 'max-age=31556926; includeSubDomains; preload'\r","metadata":{"emulator":{"name":"functions"},"function":{"name":"us-central1-api"},"extension":{},"message":"\u001b[90m> \u001b[39m     'strict-transport-security': 'max-age=31556926; includeSubDomains; preload'\r"}}
[info] >    }, {"user":"  },\r","metadata":{"emulator":{"name":"functions"},"function":{"name":"us-central1-api"},"extension":{},"message":"\u001b[90m> \u001b[39m   },\r"}}
[info] >    requestId: 'req_xzzcufRb03reIN', {"user":"  requestId: 'req_xzzcufRb03reIN',\r","metadata":{"emulator":{"name":"functions"},"function":{"name":"us-central1-api"},"extension":{},"message":"\u001b[90m> \u001b[39m   requestId: 'req_xzzcufRb03reIN',\r"}}
[info] >    statusCode: 400, {"user":"  statusCode: 400,\r","metadata":{"emulator":{"name":"functions"},"function":{"name":"us-central1-api"},"extension":{},"message":"\u001b[90m> \u001b[39m   statusCode: 400,\r"}}
[info] >    charge: undefined, {"user":"  charge: undefined,\r","metadata":{"emulator":{"name":"functions"},"function":{"name":"us-central1-api"},"extension":{},"message":"\u001b[90m> \u001b[39m   charge: undefined,\r"}}
[info] >    decline_code: undefined, {"user":"  decline_code: undefined,\r","metadata":{"emulator":{"name":"functions"},"function":{"name":"us-central1-api"},"extension":{},"message":"\u001b[90m> \u001b[39m   decline_code: undefined,\r"}}
[info] >    payment_intent: undefined, {"user":"  payment_intent: undefined,\r","metadata":{"emulator":{"name":"functions"},"function":{"name":"us-central1-api"},"extension":{},"message":"\u001b[90m> \u001b[39m   payment_intent: undefined,\r"}}
[info] >    payment_method: undefined, {"user":"  payment_method: undefined,\r","metadata":{"emulator":{"name":"functions"},"function":{"name":"us-central1-api"},"extension":{},"message":"\u001b[90m> \u001b[39m   payment_method: undefined,\r"}}
[info] >    payment_method_type: undefined, {"user":"  payment_method_type: undefined,\r","metadata":{"emulator":{"name":"functions"},"function":{"name":"us-central1-api"},"extension":{},"message":"\u001b[90m> \u001b[39m   payment_method_type: undefined,\r"}}
[info] >    setup_intent: undefined, {"user":"  setup_intent: undefined,\r","metadata":{"emulator":{"name":"functions"},"function":{"name":"us-central1-api"},"extension":{},"message":"\u001b[90m> \u001b[39m   setup_intent: undefined,\r"}}
[info] >    source: undefined {"user":"  source: undefined\r","metadata":{"emulator":{"name":"functions"},"function":{"name":"us-central1-api"},"extension":{},"message":"\u001b[90m> \u001b[39m   source: undefined\r"}}
[info] >  } {"user":"}\r","metadata":{"emulator":{"name":"functions"},"function":{"name":"us-central1-api"},"extension":{},"message":"\u001b[90m> \u001b[39m }\r"}}
[debug] [2022-04-16T03:51:49.165Z] [worker-us-central1-api-dea4fb0b-7790-467f-a7de-ebb427b4eedc]: exited {"metadata":{"emulator":{"name":"functions"},"message":"[worker-us-central1-api-dea4fb0b-7790-467f-a7de-ebb427b4eedc]: exited"}}
[debug] [2022-04-16T03:51:49.165Z] [worker-us-central1-api-dea4fb0b-7790-467f-a7de-ebb427b4eedc]: FINISHED {"metadata":{"emulator":{"name":"functions"},"message":"[worker-us-central1-api-dea4fb0b-7790-467f-a7de-ebb427b4eedc]: FINISHED"}}
[debug] [2022-04-16T03:51:49.165Z] [work-queue] {"queueLength":0,"workRunningCount":0}
[debug] [2022-04-16T04:04:23.673Z] Received signal SIGHUP 1
